38811956
10266564
11972731
32021532
14300889
21565231
5007371
54238500
6809484
106498516
38831257
37624620
319604
38148103
8494264
5945944
3236601
29334661
21472821
34519518
20033838
106882526
54601324
11179323
36793258
53157
125785708
34897666
51965143
15774653
14616673
10201420
76144410
71443471
116206099
53398008
14253340
12382122
118116561
90748155
461237
51582891
2123679
32189270
73806955
75320183
123199235
53832367
62321074
45784
46121778
5685814
3510064
23949433
40421660
97584041
8449594
712642
87101871
34412111
61245523
89242647
134527427
64272396
33936218
1501260
41555394
4645223
48354760
59941139
28157761
4010
94903940
83380152
20800544
7867514
48045095
119426579
11577798
82527148
68036024
9988332
34766613
12632201
19865095
19004703
16178312
42611787
15284070
16991244
61403415
9347304
34520408
34560111
15926235
5601809
7313197
66785040
34614228
73589766
79544647
92655250
97462346
44105135
121667826
51707338
24414371
47246647
81998636
40229648
28542028
9948034
120727774
2370107
140185248
1082366
64721414
115489667
123765065
130387329
16691144
10642563
4848068
47279002
50242384
78271046
35646574
20381562
3680293
56002897
20293905
125851875
18412989
4265558
459546
84550080
65044725
4884747
45095847
32047267
108180010
42324424
130543537
4886570
15069223
5655975
23971513
66479267
14125677
11979296
2024151
53347958
3458150
5144453
96023849
40656206
20781143
48487731
7166595
17718676
137717336
6722036
7363310
29074684
34661363
101384121
41214137
70990227
126636607
68279186
21494479
53572299
111458785
42303137
3607197
14043109
73152333
147590649
149749029
35956708
97166577
35770553
53587457
46371014
82991383
1980500
70279737
23274921
13426334
1011459
14876054
2725289
19703907
12881044
3999617
5738971
19878138
74695015
15755422
23971355
1254777
43680061
76102221
57691052
8405946
1898338
29550792
68984413
28703281
79675237
24902850
1547184
61725943
11619648
9542358
31324048
42742073
131319395
53807488
28388548
21997344
85900869
20817026
3870169
10114293
18120241
70848565
110618
14877330
46476613
123486632
23443553
73481562
68416560
27821141
5018124
111234500
30443717
93269737
17747712
60758744
2604559
63932090
24192122
57583659
68295881
11538887
21682572
13149061
49791380
68625269
14720775
10579493
21391718
27204533
75506675
89915392
63458714
91160652
12673975
127578492
27700729
48125199
230533
105098521
4218596
985549
11908786
43709133
1390207
70273284
24063666
5186237
27981669
55462715
40074034
106789035
19199072
18988003
2008266
67377745
87378722
8077197
66622509
40580821
18850027
71285056
7191621
70521316
96091079
46540859
27736364
7171266
75257352
46962047
22033341
10029237
811897
25930776
39123918
119783218
86149507
73055768
7632048
17980323
8027509
4099356
9147319
119299744
24914605
46376679
24657005
43538247
24765463
81082835
68735969
147616689
12790940
19904246
5256247
105256156
27475503
115780977
36546731
97270185
56861633
7260995
20144832
93058948
82404582
21904545
79112725
11900084
51584265
4050374
6248639
54768650
249082
38618569
3093301
128809631
99335880
14209207
32671694
7020380
102694563
16959103
46391677
42887364
66096262
59851526
117482947
163865
49616530
30429080
21829755
97184838
110943821
17374025
3070795
86411082
32768186
48072988
102217174
128917187
16718161
28241731
122426989
112118047
7407946
8326876
36662136
8371959
83569086
13265569
124319262
55684053
32368252
58885137
26652703
57931115
72361706
4514415
31423822
14824657
33459105
24513709
131743285
78107866
99057235
3991905
33345043
39545574
901745
26042397
43751118
31776849
30980804
33197776
104324068
31939178
26307911
36020224
121429822
63265627
17929482
47448472
7517758
58264774
37624292
7298879
5709632
17984771
39268485
12291589
52533903
29713648
70891984
5306305
23074921
37003273
35184442
72502776
9157120
31058195
2365021
90298113
6354601
20443919
6572395
38463155
45609905
5710409
85063799
56618389
65319161
47042475
56042974
1499271
78669962
30796056
11037831
30549314
83496488
138718049
62574965
124196914
158701
51479739
126970908
19747604
47956987
27945693
52620528
27635027
8038487
19960355
37543777
46199928
29003199
41057829
43474331
15690880
60304608
65252069
98431611
156771
49332298
30805761
42428168
21518582
42486660
86912328
52298621
53268318
15120314
55768773
272574
78165807
32551769
15307396
15919623
58839935
92494363
27448398
47077997
23651690
10068258
57243920
108039468
84590126
130815721
48768192
48509741
5379685
15893952
39503542
92329075
18150789
5511519
20726810
31469478
50179513
137812194
15413869
14624333
8905029
39068798
8883262
50808792
237636
66466190
67485965
1461182
30419646
48100503
22275228
50117443
78935836
35576930
113231982
88310851
31524406
148716632
12365567
48913524
56864823
1200854
2913073
86555166
16542621
10580011
138261722
65643672
88112889
53554270
79890183
73070977
119854528
10504563
82436683
56600484
73535890
59554526
59879577
80591173
56385206
23448858
73780114
34029093
108828102
3947664
77692222
69444333
129229858
137543572
12413324
92765196
13459926
7011410
58208936
5041988
15311021
70936574
109662952
4142018
85464330
5996502
50003350
59148929
21899464
52024950
11841346
60008177
332368
11330398
34070541
8665011
85380179
3441881
25002652
25047098
87635894
79740532
30786019
12758574
74320651
3962198
34788265
34647666
14809669
54780445
12272141
201236
32872253
50222175
28926248
31360347
74558056
45644736
108690288
22519061
42083201
54054319
51273725
56798509
12153181
9543293
109197498
21989761
27876670
9755763
31020991
37621515
33546295
39185688
81748272
134853123
20510786
49116281
57642932
145162017
791616
16534958
2562768
108278456
55338565
37464688
64639397
45523702
1294538
67774926
30036696
23610748
2288655
39058048
32353706
161660
36532287
22337147
266187
139789718
80203209
9708118
6096395
2065714
17600551
17398074
21835815
19945795
23614469
49471931
30676
68321969
2492148
57401862
2223978
1493109
108953223
76499879
60917409
3146113
967923
118869184
38149622
19678705
73645500
2203384
11333814
30383012
22460114
7259753
81896536
61459720
10576198
34475622
69565932
32255199
18401276
29342959
6388021
42040463
119156716
35564141
79890902
10356913
20123008
39177179
69040559
31617886
11640634
54878091
38142430
69013518
28879678
2189198
50202970
46806093
41102166
89513608
16519558
2348427
38340277
31408862
117469277
10249527
33489628
14303409
119124024
81076508
8078892
15096984
68395495
31665963
114266360
12413871
58759017
81762985
55196917
33509024
42022767
34339536
18706583
76148527
11184494
735963
36037576
94940760
82852113
15047
378119
32167520
6839366
29531346
34979032
6160195
36775653
9085017
22094651
15544063
28724329
12352711
119640772
35788122
83025810
23913156
1142720
625185
50627191
98494000
36474787
88690096
60482743
43048767
35755000
1381918
17997128
17237523
31112399
19015128
24091768
81009599
14553088
7930214
20336803
17977675
356984
9612905
15285380
10619426
109523559
34612655
11001823
17054474
90771800
187811
48261807
46475901
31429910
19359806
56189639
5004772
111115945
80765108
16340359
21949340
87291835
113856037
20398943
41512907
39071832
2961736
65956434
115764614
22708276
51201361
14915562
102508638
2610266
15849805
9395601
12837081
44174661
8799822
66423223
42013359
49072713
123223527
69702500
106079269
8707866
84411398
66395715
106757886
38236754
465414
17029274
3355060
5309105
925327
58288024
42105993
19094045
1627642
12298150
1145334
16082233
137738036
15696193
44304517
1897163
93181738
66581068
34381805
17706219
84838256
83768079
53807122
21840429
97830484
36325497
32837048
84574727
52521968
105867597
74680854
74327315
3205978
74397420
12610845
13851442
31858190
28090873
119659743
19431268
94867566
103722224
675372
68188894
85784866
75652636
64410712
18694675
31650292
68472307
2714436
22461399
38233950
113863691
20345565
6857214
20062343
24430577
258216
13273461
123141658
49590317
29150045
56958084
4374195
59457830
3566508
52756745
3400443
28153816
91480297
34508561
22346040
111568434
41979482
53659289
52747945
118679080
51242336
39315985
6210349
13704892
50128919
5641723
98382249
16423522
19192255
57890679
51480065
19922883
6525078
7164715
49561546
2362243
34439972
3074066
95605075
14363607
57463398
52566481
62625550
866243
61592121
83953039
91472292
67329549
74550240
73143504
58514035
76512091
36592364
93361212
14460851
8305928
23282784
43726432
13002523
3195984
830961
14125168
29178466
36218059
1221734
70255395
36813923
15305357
26467511
67566216
33976261
69860
27951735
53664661
41107423
80223630
56528467
94509979
39656250
64344931
7370995
28197904
15476451
102037166
14605741
83525181
13665930
8435364
68607899
28166836
24041603
19780869
1183345
81246
117181258
67053250
11358176
5233758
7062697
9570292
60855462
77134617
22679883
22288936
37481583
45949268
106825531
265202
17325176
39361328
104555063
4124125
9220007
29666783
18657285
241779
60132647
62740448
12246527
2314957
2194986
39628183
32720686
12442710
10239642
121054486
6241503
6297695
82332167
42709530
63802810
97337843
927481
4686442
20608085
22601974
44696311
38539511
51533734
647634
29991305
50862709
19392622
77570208
25743989
10522838
78464882
2144212
40092353
9301584
77770704
29261732
19992693
4891148
45337777
119216731
8473265
8630003
56635382
1422990
55148944
33464070
130506687
33967250
10401514
19618032
1210824
19687820
48243669
124534894
54028611
81592746
46413935
1124170
38367555
37848427
3463285
586385
12827791
114452050
144160491
43658627
7303017
7549791
66411625
1233358
89579842
19477612
65942787
48355245
38662114
55554783
242199
83904910
9095382
29199242
16001530
19664452
95527583
18057253
98776527
14603416
58363571
101384636
71856377
41366148
37899347
79889081
87737807
47262233
5411529
12684794
3834178
17029199
9405571
19094009
11293534
7924849
10889939
113465995
34051871
3489529
24724514
51771130
9367028
130001242
41379463
12807376
40563572
65136050
24324416
54799853
23547104
12809959
52638086
15177061
17296575
25535469
1675787
26548127
1537605
26521792
49075692
3919545
51022919
94092274
13443930
56335991
3185939
67395463
22753180
14867816
66761990
38012128
81161060
7780458
44778287
11429856
94113663
13710718
28580309
952307
4829889
36857549
1409449
74262453
22208980
97219433
6817512
118888994
37721323
2233822
14168680
19131702
4361074
39658826
32968504
25485005
6754905
3892945
68708695
56126017
343697
52073168
2814270
33768502
52693569
22604687
43564382
45485956
43022281
73310511
50906246
9461013
38301371
64334579
57412351
37474220
34977621
32646146
70777277
4010579
3981681
47897047
13475848
56083069
4197388
7178145
472113
500686
4169336
5794617
101871693
4407700
94850354
8939544
81034066
2747517
22405986
4142871
3406196
16753993
11518336
4795932
7939049
6834216
37346813
23599254
6826838
7732439
86182349
225585
80181334
59325790
48518146
5724636
33208067
8676964
20773028
118685490
23100719
75324876
79257486
12866770
2732583
32480492
47632037
61019969
34664899
31978360
837959
5846874
10950163
7461241
89677063
53182912
4197712
36822347
57726670
5139168
4547582
12734539
28093036
32057955
117601735
14921850
28799194
6626951
13403297
8457351
34593184
93450682
26137637
7163112
33007776
24899184
83531689
10123373
56006444
69842338
85423519
28526629
4977662
4332049
300121
91170576
15163637
72358917
34919556
3684186
47057697
11193631
31611590
26109973
11416589
10926258
140686341
130673596
4119060
5660324
5556722
120286983
56460846
17561276
35244097
3288560
99630989
43958236
11310194
5805950
94093108
46007103
10017096
44312525
55454091
81248108
66314372
18487833
34005732
37930020
30490301
102166008
77104325
13264966
12838000
45806371
21256168
49026450
65975168
137502016
17679607
139228475
155106108
19760700
41766659
29280328
19881557
27068414
58266503
52741248
22508034
67188962
29929502
151488914
63828963
12748168
4328164
80272320
16605024
27356825
12343639
51425939
134149470
2800493
96559519
1030545
84133436
11021727
84453063
3930940
13017489
10345345
17629757
22613703
86785172
3619415
73884660
55731591
29971437
6731860
94029093
750701
27576623
32150788
16512840
13047416
88181804
3167721
4111614
129646125
6403109
46690059
3863321
54800637
1623052
26036639
50377265
92555520
18925104
60750372
8070873
27049478
64477660
120987780
8288853
34615095
54006122
34206779
42007629
62715919
55616885
15580343
21254176
135993195
74244501
15842584
6001217
10475868
41849261
75045075
9530031
35819924
24850676
3480863
53923644
124427781
110177738
65181346
26029975
34121426
18779264
26263108
53801111
31232380
571865
13409054
1512080
22306087
4317658
68837243
23913678
76187554
133202152
14881851
102375249
52370434
60194480
9186107
12816834
20570394
22108031
96754149
13151505
71388922
8712461
33373876
30384696
9430571
12275183
113230598
8882922
45558435
24338848
56996587
8074993
33652667
10418678
8617057
59300529
19834129
54575049
63659713
6490627
55579865
131208390
89917013
17317943
28417710
28557993
39623684
2667315
18921160
85785569
73220333
1196768
8060833
6837022
19574739
75076283
10846648
13983573
133721893
146996697
17598587
151281045
21303337
17606587
23389284
93024426
57516705
114476097
6876080
50425137
102961696
31156065
68662933
9888646
27968950
39620862
46066581
71643561
440545
2178985
4966
40976915
51022794
60923686
4458660
41664830
6510545
53694890
11250845
15026373
16122248
23046474
38637263
4929177
23634258
44958289
21789928
41196753
3990660
7536618
4972906
11825591
93140984
40638067
48633904
12305888
128180990
96127941
74990800
31893762
54543946
69771462
130618091
113597756
26878802
61395146
35862946
89141642
17338940
115490548
72856602
11925047
17426574
72666771
33930672
85071205
29758391
31627959
37299630
8575814
16709953
17650790
25143968
3751024
70519918
37360679
29245230
62135174
15991
96978258
10522177
69287592
19036978
24901716
61479129
8649873
44118318
105567111
38505374
27241468
15750247
58034490
94894
11504488
55104422
60024
9990936
18749786
27497102
949523
25426976
100714896
101638213
131541796
25044042
4652450
17852414
2951872
33697181
35071270
26337729
6233584
15219284
33853158
58699145
36673938
57067266
2691365
52221849
26341940
7385819
26082980
5923059
105337313
3116498
59736797
2328276
4880458
7665355
11472075
109426938
15287386
17857819
26269227
39757681
2883892
144527998
1697989
32416207
128758065
35054809
48199344
29431913
51544757
133839
7111981
58263493
25001024
67986255
83191036
19085092
30023453
33546557
80061114
4356523
9846402
63991782
117884204
30418631
43737424
19917406
116621321
44786730
6673587
20670099
43413927
9393600
99552679
94530026
5663236
110380559
87050064
65614178
16867197
63050950
51854932
16608008
62930269
109440770
31917557
64809855
3112820
70848166
47088821
109023648
15229952
2303142
32304022
83130117
47564103
57876699
25439416
45223461
51163905
2207282
3412551
4403455
25931112
108937567
6422954
4779365
20586209
119604122
58366535
3010633
50714444
73398694
49478392
43882767
73462044
26192404
13214546
65853214
76038060
3491466
61124592
10801140
10562985
6796284
12470403
10520058
6520637
108296486
49564119
16360154
19616051
8945634
27070003
62320008
1060669
17544975
12060921
20308179
52487487
88599259
5448890
48834812
101932386
67162661
2041383
9563541
46951403
10561339
8627089
68065296
82595364
69456083
20560727
26327914
74756273
24722684
121611422
97110164
4671814
47711853
12679657
18699331
82717123
70568484
2610698
3894549
142574595
637071
106769461
48978384
52903087
101943067
55865021
74334631
27036276
105607250
22651300
60715867
103707869
18204784
7528820
25571509
12145246
49875987
122606121
1455504
70810701
21013995
53232795
119721002
24459343
78732622
65805246
3079538
80141130
8777255
23910150
6918390
8080022
7267478
10882161
18346102
16407873
6948688
107983663
46621004
32944750
18735249
68746582
3794030
31676453
33217
36670572
34755883
67634794
6953224
25143450
24062293
53768448
44408290
1556744
21139280
107871367
56908276
94197742
8875350
5483334
60549930
44783336
3979004
37785558
23641796
7683538
47227424
29364332
46486172
116146111
869000
44718464
8429736
35044807
38535807
10642849
41535164
52730886
13061849
22034975
1357093
38423401
14514660
63674489
25358152
8302853
84254018
42403251
1986814
113938156
98362801
131961161
21591504
14545422
9613221
42823766
52080717
30530430
7834427
37254058
94168686
11393094
77102304
62779091
143072479
30622019
4018707
91920139
85484712
19620881
4223271
6362276
891397
82057182
3830100
27296866
40820903
70867493
59449434
19860678
19456047
19876680
2450714
50539833
116777537
23387449
3874196
38122948
125634871
21831332
1072527
40621803
3939531
9041668
30240342
84343176
22971660
43045474
46368326
3570106
137130904
41119344
28357117
58975070
37940903
106502326
8568739
437783
24199513
22611326
29419911
75348499
113096073
25369136
7840724
33292162
126972927
78079279
10063082
4117552
39263486
33179976
1960965
51687639
23403843
27042028
50009964
5256621
102965151
23177589
21801115
18889822
56370222
21693979
242525
63606826
57347427
77111357
89367674
17982628
3048361
61055381
6285571
35641426
28048869
39730832
24119230
37984892
109366843
71075114
62510511
16693155
15424266
32757387
6370896
5422363
22964557
12380920
285798
14678403
106740348
20253627
127031010
77189162
78242752
1176014
32488045
15744647
99312395
38382651
70277399
30856697
54756277
18346593
44235163
75636923
164111814
9541844
63229441
79950391
2744571
10013127
114396783
48490657
47788847
53028138
482533
9700793
61187824
3063052
8202843
15742331
75763326
1230258
925504
13742015
897612
76346934
22564368
35865051
62762606
49513
75254541
124698375
9489748
19727307
130864972
632040
22014636
58922125
1279848
42145369
47907377
1749406
70581901
26369055
11467558
17641210
1162824
79034115
96373084
16484789
42053447
28932525
5084684
68186847
76419902
14734165
116780654
96585314
54155943
18868818
5736670
77234763
11199971
24587788
68264059
3640282
93377360
52388540
31313103
95290289
20962758
33597482
73125097
39880692
853235
75455288
14792007
35819894
89610431
43886241
5043428
31332714
56369506
62753269
50606091
18633993
42108131
5689457
128839526
60177065
46392167
63413143
12606984
62223789
78266275
74548750
78455240
35221241
87167905
69488802
3664729
72972588
12958555
70746090
54813206
26727059
1818110
60809271
25937254
83760851
30148
28511355
67915818
108739
16739179
29152155
1290686
40492250
14153196
1525138
7673763
135618656
630817
4242854
12657332
125825814
18693695
12629195
115548537
21820858
100986759
88206411
16629480
36393639
41717250
63007222
788390
33603695
9283358
9477587
40158092
6050140
2214728
50762908
62140393
8865637
1241360
141716386
37242897
27183678
27520934
10600785
9649305
1317981
11015855
1053254
70365032
24211808
21047233
87267634
20623632
60189889
9116618
13126949
9940045
24997510
8508293
5963642
50620967
12971775
7353672
32063099
100365061
40007389
118826
73010253
50953919
11801657
20689265
114649453
43741877
83818755
5445518
96019167
59286022
86475509
11679853
5298996
12023995
61468476
11158920
22543292
8390194
41827114
7381015
52333776
20759312
36651242
16860789
105925474
46943877
9143729
50003663
983742
26468135
66745550
54610598
8830378
12872070
58355758
9704724
88684546
11023916
95016991
21319946
15611041
55425109
46277744
11745863
69014506
119763880
4497713
77105743
133495548
35324603
2176713
7796633
20126895
105610467
26210009
84296611
13200340
59485447
26094804
123601330
2311455
47078313
145329553
44498597
58161608
67865
5721091
8309192
6759256
66437994
192564
126080686
51470766
58518801
63754211
13011461
6773974
19275091
35220310
10385788
54030892
69446780
80763119
1131761
109789516
78488291
52613076
93698384
16178459
42731428
1543645
10492204
81016411
6459001
14604469
378109
25539506
17684315
19223997
23484644
58872948
25218465
9896352
59875147
104367375
10811349
3530297
2992328
3755151
36578069
61142896
46275892
31504337
8591981
81581615
13946541
17656500
25264948
8829514
20432072
10009765
62998847
46140768
36604887
49336832
13784548
31524122
100396198
80139311
136799014
19186370
149252318
32470668
24090081
48205328
67982790
66903508
36086136
151569771
28305945
88515661
65504294
14520054
23891336
87008297
52270776
54422027
11760989
18228159
31115036
49357840
19326061
48340676
57987377
111147813
24092880
109274273
65624126
803520
9027090
146771817
33028639
8304567
28167216
6342702
153813
72628304
4417760
2568346
131888340
147171703
2831296
9945552
6864811
15631369
101516960
103823446
89170491
42382702
65889590
22825898
94560769
24242637
26866839
136790582
4170707
89847743
5149057
79602187
2067389
37505249
15522119
65536772
31496617
109385123
76413461
39925207
266187
18041739
48137758
15570256
71694509
22397649
97407795
37837047
72447473
9673127
44874089
1574751
65614916
93452687
43060767
22492696
30228252
6181301
24343795
51193651
20118532
24458087
8743459
21389034
74729822
113619922
23270024
5044745
4485220
63965995
16599170
49366429
17731432
30075980
41719903
81009786
33861213
16560998
17539170
2834745
100157776
2202924
24405799
92041521
33302336
4932128
6238634
34697656
2534735
13797281
1366892
31814066
47262297
7722182
14727264
141379011
40203159
912380
50114180
23168137
26533303
37157651
74395597
9497932
1249969
1745295
116617632
73138891
69258648
69740095
48119460
51301458
19332692
43890478
15364751
76676657
13829863
4076616
102106344
30744422
110585328
6847994
82888612
34602470
76634100
79442377
57883542
79578090
62022985
15222982
15386536
93620729
2548389
10001108
96624436
11494130
149479852
75193024
143385027
69418
20870030
34697165
68720386
88572552
13471650
16689748
10963655
26244867
5668935
31717545
41740552
154865056
31941891
3380927
90897136
50695402
129960406
28777679
78300820
84759692
78498234
43838978
84951145
59393165
36976895
2692767
34263298
63666108
1910503
4850570
41878383
74401715
19169501
15310983
52860786
15022454
147181009
29262111
15776059
67288254
38098011
239675
2640455
75153568
50044490
93869229
82286411
7704449
101493295
8049675
22654342
87349433
32883638
8621348
14607490
104520089
51898011
38279056
90130364
98266224
41619022
61879048
35046017
9648902
17209849
5550962
31235584
117383673
119020887
81187286
54599016
30548498
3153892
46018655
63835903
16032523
71304003
2111301
8601959
23909292
122916441
3974448
93543887
13427336
119626280
48884898
51069836
27479816
2690361
53623029
10991108
40645715
134721478
2613572
115271702
66753013
43026757
20245044
52779028
154926022
29894286
4069636
32771119
7263096
120143094
89467636
9487471
21416025
10251896
1328662
2043775
44687178
48803694
191512
16575677
61146874
79284948
17950056
23923381
3660646
93587736
33847704
78356310
20106214
17844902
37380792
5442704
55382503
9264554
6468925
27252450
41721580
22774516
30395482
77342166
4288301
30551306
69377322
3271226
110941899
45120646
121620089
123725100
23689550
8734092
55473836
139328109
23842485
38832702
103783806
90092379
1904678
3760492
54637979
4566650
2159667
4528101
4540666
23557228
61345968
14052397
8829388
6130984
70573749
8594037
16157656
6420691
11882473
47002393
1511600
8187684
46583046
33958981
145682895
111119402
22939603
18799299
22356200
55855784
96936560
45799491
63386133
107548015
64438911
3139649
13613175
53796563
58583384
52858496
18917581
65752516
59413584
6860386
4317178
331468
3606439
123947333
96598488
86050846
64090566
79298384
44505677
34584965
110343750
3750793
7403238
35679592
29738329
55716972
31752938
54362888
38892085
85595002
61093176
16382848
93293562
27965958
10422847
71108221
5329034
6445064
6171225
992576
80259889
26148779
69179517
118009102
95137281
7746106
2395876
10719624
47723726
9913764
8625340
50875422
28426695
235960
31712745
3851120
32204384
74567612
23774686
445086
130964764
34667387
35742790
39593812
36569147
83660092
56420650
45032721
115267454
6470745
791751
12563399
75943220
3803659
2088278
5916116
43630152
5924237
17856194
2102124
10608162
13532962
2834662
14180334
10430397
28623938
18635887
20498035
11143799
20535664
45228710
35545630
618975
4150329
10005313
148849697
20489045
34062499
48284956
53936010
140315414
7619016
62964317
68886702
173621
103434690
5490618
37547868
63970319
71225075
38324332
31955854
87518672
7126383
37627194
63298544
1910956
35522488
15195585
36364612
358784
39627576
29723586
25384266
285145
52684558
23615898
3753645
121049044
62517503
53118815
3579087
1896
53731029
3681478
3630248
36994898
57879601
52638770
868891
25710697
26266077
142155911
101744812
34489070
36727646
11912975
30005941
41161421
1584639
44070802
10124454
13880405
22934251
3697807
1493381
62516209
64947702
68442488
2179566
33234673
57196067
17459446
23561869
41078235
72626187
1956541
39673217
98493810
19220893
44152346
4801575
70042387
3068710
1706847
95760436
23502396
44239541
38831491
67060081
15067339
87281923
38145893
24901440
44808835
5031631
51386278
2195906
99902846
100354827
21036214
95144893
112298182
114778
37448790
12491474
9128798
150197
11786599
37247636
49325841
24148243
8273311
29600541
74440532
65980562
128068511
5322306
594254
77135088
4622474
17971433
3850558
76794992
11810627
13129864
44848416
12559961
28930958
23064115
17543386
38704220
70391905
77946628
11823904
10864749
59988727
90501869
28247567
111437499
34219742
122902354
41599072
10162333
43183152
6788889
37348921
10736910
15117379
11967092
70069055
115463044
31187225
26021847
479955
97847789
117423507
514429
77860986
41086663
31880791
50508866
21536948
69090448
33979760
79781135
9858688
45722993
4217189
62296679
3400886
104873987
20519546
7407295
1990226
20044827
94023617
49639825
29860785
111955028
50393977
10225237
156797515
94773976
18637486
47512550
10571692
55837532
22417958
2981004
56871496
10085293
27248333
23563051
1413612
30025576
46258852
26018472
15088338
17655598
18117841
7557082
47036733
44512389
1194208
33161682
23684567
46696779
53880440
47271895
8339402
13856242
27631972
92344124
61332440
51673271
5841650
2615428
896415
25846405
9425257
69467554
34630672
30459958
4412332
11120212
59268256
65223636
55662816
56466050
66871991
15861483
21521038
12092453
69296505
135403997
1504203
95012578
37725791
28256404
67112312
21903108
16277827
90097802
73594624
944666
44340550
18269417
96320119
14845803
31577773
21839556
10403587
16588603
8812803
61350286
30121369
6506504
33021635
8957875
83626612
8828031
7237716
25784009
59272828
120000562
56153108
13397592
133335359
1007653
110261381
109061173
67419263
18112788
25493692
158766201
56124909
31331054
54419442
126874107
11948837
43313570
114775255
10938011
21553688
17222962
12645972
86908740
52008811
1570855
3579896
77573957
118929421
70239307
7683397
4580626
39794548
66227185
14317761
37243990
5882026
2915750
10201909
94538070
77734536
2668651
625053
77467189
80618197
60646645
20545167
3131799
288632
125649550
54337466
67921860
34991137
9261329
25476649
50425876
6838794
73817862
885943
5426458
30059486
4796523
15702108
106064030
41189960
1429679
8704400
118093907
14689931
243754
11964580
131464321
17323873
29897850
26473935
5847540
74721062
128468588
24527166
14378875
16575037
6359481
38394890
49366775
33486784
53326822
103692270
59239529
2164043
9100141
92941393
23970105
5232331
19445533
32692270
47033022
122815275
5340800
22236192
2896146
100366661
22125303
34811962
23630342
2331395
130063343
6230137
49645639
143781972
2488122
310157
101767597
48464930
23229683
117622770
50644441
138450573
16382413
113274806
4197323
37182263
7921044
18191212
122008805
108490732
3595932
51142689
28316816
92065740
84323485
17683387
50043216
3514975
14332871
11751337
97718477
4495681
36426533
23342048
26570909
5110786
49411293
22616678
30235143
39035672
2359295
54438257
17462995
6868006
38474
128866398
18711637
27335545
50324468
5087782
2732203
5542097
3321379
30056222
27072366
93211304
28201687
13208961
125247280
50011311
140171653
70616729
8517703
86940488
28971702
16771837
58178665
17941669
74956002
95790183
4552051
10558205
51791148
582349
34008269
63698127
10528304
48778927
79939458
3568350
17251072
29418537
2337532
90953837
107554970
3898835
41291165
42565273
45785778
16080284
123150624
55899484
13081468
45967469
40225967
21795355
665131
30498534
23467077
7532501
74320640
109390296
24302366
13071770
13542179
24994083
111403244
2225632
30845050
17559657
50670559
14485037
26731923
51851150
76799881
308708
25862239
15629990
84247710
61946045
819283
10705384
3922268
77102942
4375542
59247744
2327129
134438819
54477358
24208582
127838888
1118666
46366163
16686610
30805884
5355983
109125454
107319877
38928509
51044861
62019785
20373847
1335408
38632886
26263148
22215675
59978635
97813047
28084475
31269420
11658322
93683278
8985938
792259
19860761
14317898
38167680
21713409
52932838
21604550
17756433
90162439
17833386
7034798
36075086
38639164
55425485
22957376
43326713
39522603
9408661
4649014
39522159
68015752
8955559
67764925
86155974
2279774
3052520
43927627
54690097
112049574
55370101
57711463
78937248
33594181
50997410
4019601
28209196
49283732
4805031
42825424
79110584
3712322
50485235
17849527
210177
11981787
774206
129411083
45597802
30882761
926766
7659375
66917590
27530908
7055837
73300997
9563184
35191075
48860933
90278332
87366000
36087793
26462237
141817242
25213985
44098294
109744590
116049546
12399200
1969250
19923438
135626635
11910087
3525663
14127842
6189968
1184229
26863464
13763520
94269199
42925415
52781773
110354467
11819999
1447909
66742238
9558177
15255487
152253
30252280
111139190
11101595
726998
4417823
69754318
11060492
2494473
54387313
91022090
9540579
33699920
54903483
67212743
9601217
9119243
7070115
19581056
118094730
23697216
18279423
11392620
59162936
27477987
74494829
153472897
108886444
48927479
80070118
42183332
9055807
95506954
7901599
90901941
4365972
38515106
67188324
1622352
62775912
55916679
40585659
4694161
70437790
68107044
14115353
78463526
16124156
2326135
4158966
94878937
25914273
27268543
28087655
23079355
63032963
82121878
36816680
106221614
1383355
80817973
56711720
124272077
29574878
78940052
44169396
71562443
58573023
36643201
7004730
48982515
2934691
71809416
13216692
11123413
12360274
107218733
13166262
16912526
35730284
130704778
17364782
29905213
24715606
19114743
85581715
38003714
152463531
58088674
1434852
85096577
110336449
19675973
57837180
4394188
19094916
100265122
55992349
6409755
22596189
32966381
11904862
7034417
88890018
75398378
62851952
11734921
44878611
88444344
17696121
10445156
21037814
148147811
49592818
26877814
14669341
8505179
47743610
4417784
2154925
19866916
4519536
49489147
23944342
1286593
28765350
56231956
19522574
366836
3927462
2890338
14884196
36879681
7286511
13320397
55152073
23153175
55280324
4550618
56598326
13550577
11024121
84054179
9711848
8269735
118606700
2385743
1651078
5645515
43324151
4052366
42516996
38800922
27023866
18343533
2704338
25993653
12463300
91531653
74271906
17345529
33402844
14282762
1866596
57573020
67291936
18317769
14548720
15192353
54831446
26000480
53123625
138014235
3441163
95972221
58326873
4365529
31401394
129098500
52330971
3588756
31919428
42065552
12517153
60062065
2188920
103080717
62903321
30990568
20356193
54415259
40104108
44356420
23319468
10021781
30718985
7979854
8308251
4309420
97654192
44565796
48127300
6855308
79046281
9104267
5993228
92516994
118549132
11301962
36243128
11841673
26590170
89739244
88900567
6534239
138101464
123027877
84022044
13683654
34154774
79191533
74136306
4518538
28886767
43617557
21870284
69554972
56774454
68769698
13900253
98978545
14939197
1524613
76777330
70844057
15614604
5438259
2263238
4514471
139549061
90850271
102632213
11066567
11072788
1976308
38476671
57605221
45383332
119880398
38408490
54959203
108034906
9175423
4797067
48755989
26800381
129872732
9892463
13964849
12505057
46643582
64962321
15953823
2326658
21358389
8574974
103017917
29203427
9557898
6141238
70504577
32997581
124938908
30306262
70669515
18175690
61377719
10812558
77702694
74495052
36245171
27874479
104903634
42597380
34328481
6276735
4960293
120537287
16098483
16096557
79781319
56716566
39140348
1213717
3820006
16902864
26063725
13005201
38802492
115297705
63354629
58636849
96987753
42102486
15296946
31417753
97430004
9528699
7840460
48985371
30567404
3859122
38351722
38598135
47590732
71678388
9363505
1704683
21080504
121532573
8165576
4302543
50374255
71185195
20888625
40895616
14587857
4132866
732643
32278330
19372006
21089631
58099921
63052574
39057488
29854546
34402770
1831845
20150052
6842096
23311443
48248964
40471228
40625411
35898960
24462812
20671524
53751735
1217227
15119841
23647941
97761069
109800266
50477699
18765426
43117652
24281068
10599348
22336475
10098538
2337320
73680777
6212882
14868043
92900316
20270002
78377835
3381908
2297097
3490019
51883031
27670191
11756249
22360519
14901512
47332732
58802948
25762386
114861289
76535355
35967733
40006261
8663381
15212231
72095821
313845
26373947
109663901
41750315
3885263
39279024
31831011
81359353
63513021
4093164
42380879
9046534
49456117
36679895
40160477
12080952
16944121
35899057
86241208
4085528
4313094
42203535
2001024
72227183
51321619
91189361
8256103
70308726
72378109
83786139
39451974
1325026
28930131
3737586
16410059
17671426
8134482
10071990
17664838
58681331
15029452
32851993
40875845
4693422
8561593
54359955
28418193
22147432
13885797
95828391
30864896
9089395
72818588
4168072
10606645
69022695
575786
54080877
22233671
74603558
120522882
3578739
136967236
10236494
38920847
8667139
6029363
109207245
23547251
121137433
17482647
78529036
6192667
10952173
23178552
14752119
478898
32647392
17434077
17476218
87602014
96987735
53430256
1209842
60459877
14250058
43038750
31548991
16309271
48830340
1469611
13730948
95678769
10273203
31580872
40114818
89225792
36176725
67189290
5991
5105411
30769757
43953081
44708718
56586708
3129375
73277049
40933546
87978833
20714723
74441753
36649066
4593930
72088504
118182900
97165948
38498593
12006019
53529672
12670419
92307387
32937802
113449711
123762640
48135984
44059703
33483738
12555328
28976165
5257067
14728908
117953255
23142069
55407704
22397485
37940705
22122194
139172515
1509017
52120001
19916862
138347836
120641920
16670139
5953974
64435092
60903804
17777493
1357540
3786512
21893820
6594558
87334860
3752601
3379188
22883766
79230684
45494269
4571718
62019388
84555
13839241
103657386
41615392
18285061
47525437
120231226
1018211
69257673
90848370
35102537
502093
19596022
19247921
37016347
4602846
94684286
107866314
5004457
54665982
1122760
7669737
59575833
57326367
1904895
5832024
11157567
131195742
8653873
15132768
61612367
4819587
79011437
15882068
97814674
20820384
39756713
75608082
8737246
3631015
2480063
64289673
14225848
5247662
4813859
102672891
47149411
129708350
43032548
71318653
55585625
13077367
4381151
26451784
15726661
12313740
130980981
4655077
5132902
17011225
26096362
64705038
27119157
1200298
68013076
124791587
1626632
51017764
52672644
868012
108896108
114941945
15277
134752228
21885238
92274432
20472836
4949430
90880366
10332339
10227423
3120760
97177471
16626395
24832684
94699064
2003964
88603344
75634502
52309532
43108981
21714574
44328477
11337696
40953661
40165270
118190355
23558372
66696987
4310535
85435722
93876859
1035397
17530163
117357848
66365481
17564385
62368355
5737374
77780117
78770399
14930714
144855609
20787502
35324935
388802
5192218
5418105
91181783
114890646
87573713
937190
12456993
7583283
62370058
10299112
7797918
86329863
27723081
28354267
65749136
65323806
10927229
55642107
4570748
28094533
2658781
39413340
95101504
112925582
78607688
32276550
13682515
62509173
103062381
2919581
71023175
68668473
87983342
77132036
266389
83481352
16128379
37106579
72818788
7028756
74793032
28398070
73028228
776725
52900777
77782086
89325918
28387497
32839534
42243115
33366586
57172275
70897243
69211638
67293144
59408454
36049498
70334751
93912409
41220821
9181127
13870094
848439
92642555
1832323
5112474
82605951
56903212
100691790
13444966
1374865
19890169
52586650
12955913
143678971
31580828
11953537
12660538
133543001
75694536
32142413
5041354
91307305
58354546
32057580
91966078
44109843
25647961
37771987
6139772
100013
136211433
89141880
527818
51638524
36696528
48339246
99316258
1458464
77503243
14922336
45405815
1337128
22552765
85579672
32434724
40324526
86503273
5878761
10978398
49700719
25437975
10692967
36580219
39183647
6214502
30668298
35741836
40844944
43243193
42076859
12580360
66863530
10137693
1762123
14534307
11448735
2699854
49185384
16776331
20227867
7724908
39642706
13974046
23398773
479768
28202738
28847682
97719143
96382442
46009333
18196057
58823512
77827469
17075373
110808527
122619292
53362592
5925253
2641413
67080709
46381388
88094234
30513317
46963378
18732355
16667758
22723601
62389098
24465996
33367952
34099338
41442372
878070
23088028
4149104
47701297
18288838
28388582
35919664
32400739
37885105
47218542
100367709
3810051
45039410
105882351
69832070
72575413
10859781
2487138
151855
101587521
31113953
10447200
30257654
25259339
17398992
83200753
65420728
37772251
64556249
30778004
18612978
2249670
44812477
139327728
11693956
27450936
41552195
83988974
3533167
62291789
22357846
101428389
18307435
42290238
2329391
84649931
31478967
22560969
2036434
25542789
39113602
96403456
55464892
13008009
131722644
88642118
92240049
28475143
2804777
4293715
2107143
95795079
25790730
33799378
32925617
32162425
7745393
46537227
75378785
3090102
21151316
12841124
114901287
25420675
3133772
44025416
6429992
11803643
104155998
111181415
121146691
16822555
1854040
50398503
1383783
5828553
70069332
16528490
30565495
243053
12600957
117019214
40602791
58088474
7173681
48547468
104789836
62835823
118342820
27041078
55397560
29977845
10255431
106527135
12912760
32319583
13714809
5837703
89872967
8594983
9756172
8962205
6032
45153056
47339835
14889030
7451895
19004973
25263737
53076359
64483645
8627340
131589412
139321422
78902675
621851
35531325
34790020
18657018
12646181
25691455
50839016
2565066
68098785
20225334
27739817
28511421
21847281
15888696
7415751
37414408
52892435
4043627
61547108
74161671
48930653
51601185
2639144
99256190
100337161
6904341
85927808
4307519
137951935
5354805
63199402
22019120
75021261
24007144
197889
13682355
73083605
46030926
182666
24343919
47982907
13636336
50028280
55691102
6559265
32459932
42752823
32704340
72557095
15335023
69412781
349223
137756537
79062401
24845984
2848482
51693886
83930802
1217116
74500376
46759920
29073752
29279757
21005120
12375948
23491933
39585898
39462272
101826590
3467372
45779328
1772780
12145845
80008752
2019559
108499904
63307665
33041088
147350173
5802426
31669573
5638500
6351593
38081205
19084913
8177198
61079722
125125149
44408621
95129568
60043963
29893536
58947113
12185801
96886781
59250698
3541552
3567025
32073154
679172
8017354
12773914
27160331
23229121
57325558
152452188
8062788
50031607
5320117
23592068
48815943
24775634
8418148
50623532
131199238
2658558
2206415
16849288
85675993
416423
4634919
105702630
98278535
27182673
33558271
18152351
38831085
11176935
8753662
63305704
135487981
33726608
44917932
25885239
22786988
27116075
25261778
27428485
71256349
25873885
14845559
10983465
58706684
1274398
3629209
5784195
14384675
63904250
82575565
5771601
64927363
110995135
42493762
20819971
19129689
21802846
14741190
118539532
93479198
134862162
18692315
7791649
76352741
8173941
4243437
79051738
1659164
488046
10473230
60560507
77989865
68815005
4268338
16477630
21830223
91350430
3579780
54236015
55804307
90807786
37066159
51083026
7888126
133807050
53414963
5315916
6649034
2698631
2341827
25786486
465112
53795198
21215325
45902847
11773810
24391074
40512095
60730419
8849962
35404028
84452679
32006013
70824946
35649041
71368432
14210829
46302691
65872827
142760327
94123247
14245332
1268484
96950490
737850
44110309
69038839
46416646
6925524
85962430
75584744
6966443
30381920
70534630
53046483
31956702
8142970
76286539
7225905
58234208
69850069
10857889
55122447
7130031
71255999
38251978
43181049
4759209
1160591
5030464
10495420
4008190
89512515
4318464
35014722
29945434
1019756
17958212
99968259
128370786
64844946
94588566
61786825
3340164
3253576
48001290
10005509
71216315
64501158
33435902
5569107
1210133
15237755
2858309
1618007
23036973
14776783
91311330
35124841
53948402
35496092
67638064
3986978
4015179
23078230
32152695
10160186
96480415
71329796
55322641
44803419
15565217
7304610
84811822
25115260
6300448
535853
57994607
3661509
78582751
94159342
12504083
119000496
4283
3351498
33803262
13042731
26537447
19998714
15445225
50322649
7272959
130908847
52315396
38056007
11063
43345848
50964640
136295541
48224500
40436425
12804727
103071967
55938086
2226064
26872657
6536272
3100834
110177900
26300745
14865936
1050663
33108663
24601800
36579077
34586541
8724955
75251933
22101584
54445333
12802472
60645073
122766303
35542947
9007214
16625467
53263196
82017124
37663870
118191551
3301006
95297435
11920267
11865088
78217439
78660126
9657890
1603852
2597449
20341626
23934683
4813178
217031
32157184
43703011
125487683
82572879
100202644
23964100
51577655
5950036
108279838
42056392
47894428
75145609
2013310
4389096
7445091
81150834
14574054
12048358
7143213
34945012
68577144
28746612
14118454
19604441
6079567
15586605
65512642
84882791
102630764
17194283
53002133
19612509
78682985
14004349
6468410
88734151
30230763
111085849
37274755
47123990
2139123
13532090
29411428
24320922
45210894
84462873
5341464
581401
13912651
40421702
89666284
9328563
72163508
79046146
39547340
19849951
15196785
144588109
12493801
47255839
3890492
27347268
9439916
124909358
41012128
31013554
8708989
74021152
33045246
9140230
31829101
105524862
2552938
110348685
39362788
26177686
80034640
30829713
157219273
20235661
102988054
55834242
19468007
59655599
7204515
44215659
8654834
14453504
49139092
11197653
29507770
2083011
76337740
17235727
13408279
58964651
33085935
620931
42311534
104345882
3852709
33142822
28813054
27728226
48191084
2301044
25315307
118111093
22661542
18998999
108709948
40992223
6896651
14583213
12593258
4451118
43211282
113866631
93829882
61390441
54418889
24351800
16062826
44005178
50279079
17278730
67236104
49303367
88015680
39770016
14769423
45422220
27507004
108068516
155559531
1717144
34714986
9910794
39125931
133223317
1205813
22865202
1419316
56500079
95671825
38288012
99740654
15955053
69713343
62506358
17465756
18992952
122818741
61923583
80570739
27019915
38805721
17598309
2586708
24857033
76181364
32120012
67221564
59645536
1402502
25356155
27676025
22253172
12394559
98877349
1340500
32903142
12314070
3446282
4793778
47370024
31516943
76528458
93340670
14671120
57956112
102437610
65959518
25594308
46724325
114884638
24779013
25688834
46480722
43660454
26761862
23111521
65231670
51865699
6048601
78133494
69107936
64051046
94161276
6396518
4777276
22420197
43164434
29772419
49188223
11047732
42269857
39009316
22945571
41536881
116386432
16657391
21046309
120162812
37196626
111537581
80041906
63061828
50507920
29239362
60863863
132187081
9013913
13104692
4645640
105050455
19603949
18789978
67398654
3951929
43429501
6249947
52058695
31374007
110539942
62090246
39800648
1428436
44463539
157196126
63878608
63211411
35413036
63827036
24531803
126823452
15837691
18023110
62373242
100825417
867921
47398817
47374742
51186221
19264436
37074844
331775
87688448
17887864
6636766
15957732
17195762
44128490
93559824
29950556
24327178
54389827
17130885
106385726
18601362
10696748
77538486
13795946
45979098
30653161
3021761
17476425
3402714
52369634
26851367
89004592
163221
9721952
28106044
17130797
23416856
90903804
53612346
3142565
52356563
43348665
35397592
16230511
29400208
14278986
31071659
15691639
9720649
30963404
35283983
47769302
2014339
71223562
15541662
24548623
5059271
3719010
21516013
61554256
76368770
118089415
3710144
60516437
153024610
16897086
6202335
32089554
77993461
21436859
52666887
89050774
40899
39420433
4491812
10458712
161378706
13177948
7040736
70565447
46089543
144925632
60566859
47085446
65033783
31026780
67540197
11048035
38531016
31045862
48207824
34353901
54743092
13537894
113565327
3519207
799466
14488383
18487066
35168026
16820640
38152642
51918261
7294998
33195236
27793052
941095
66612169
41958485
23004947
51852974
134600321
53655194
82080276
43935102
41774712
90682321
36608981
45685698
58006523
135212805
11430473
81285946
69210030
2012033
27350652
5471571
102949430
15615726
32204203
72026106
62869356
79458709
20714555
3487991
6501072
98025913
69297920
102560251
3291244
48939129
1891131
58110218
154061781
54012414
11371114
31133406
19145870
98617974
60874285
19328977
20282880
61405459
677937
33373395
111631459
22527898
12438763
3200338
8110859
840102
27443912
5771921
42152916
112455583
37129569
6895609
21074275
28669799
36615618
124034860
65077242
18447818
45014498
58520567
4807644
38822122
4203561
57067328
49068808
11648782
9920528
2871055
52336243
22950388
52808717
125774
76191768
20533297
41370410
122018032
2108872
80560135
36666053
26157909
39951763
111677039
10448635
26762691
29058855
19778764
82154973
25724758
13670918
94528569
46425491
55148832
56754
72299669
94320015
70670567
55642083
4051953
62855624
13933388
13700016
54791667
19744461
81428671
5020445
17595662
82035399
78583810
45001528
60550683
1737549
33147017
18907330
20565893
17419003
32929864
48377699
3826951
7109442
92656392
65383750
5703053
22341820
120851023
98085247
72219852
6515506
87987363
7210291
62055820
10310195
3465647
11177212
27688718
45139179
41697416
35901839
113793025
10401364
4046836
5739246
3590112
118361846
1129964
29303080
124369966
37722897
124064555
3174373
33987866
9350192
5134616
9875668
4655148
15159149
18719389
29284025
41387050
8021396
115601468
110453669
115405952
1358208
63650075
32459195
11388860
1543696
71133584
42327801
107998400
97458468
71623895
62559564
92346013
744208
30598271
23751490
61350254
295134
151304732
15448435
29449546
44723160
22545901
87080600
29970525
26334378
98792
2496446
15819305
6485431
22316203
55929090
2083009
19060662
2227173
12516428
23750614
24399601
41201830
38510430
22799821
8896717
116454800
22157156
59561576
38382375
89970318
13149323
17943567
4911524
27507546
82280247
70276462
84385125
48801996
143998965
35492100
66794902
31603496
47194483
41337045
44641742
54720396
73789387
87931881
39052035
43956869
77997871
61113344
19344104
66028650
2873951
158307397
88766737
12658057
63886516
13049392
9384864
100347930
31259061
42039750
18697150
54402601
23410958
45867018
23895214
25935923
13599231
39380451
20566200
29282182
11608229
20837171
1955900
65559246
14327076
13359033
93139550
33230769
7654485
79509144
64398613
92819646
66938509
47000499
2332010
126856561
44431084
22915818
1714591
53388657
14872308
116427204
5619084
25283531
98767205
48138429
5577187
101513069
10026697
23559963
2840194
102299812
244973
31628702
14444760
11378370
12294164
5513545
51529751
98971896
6781
6938905
9088393
116540574
36135283
635418
120117084
69645552
99722350
53251934
11212356
1261334
9870311
2444453
11734281
100403130
29352155
65263956
22780893
21066420
9456692
88085720
7889641
359674
1257752
12543713
8802428
3313430
65657727
91149
66193686
16894723
8067197
1654766
83173841
9229831
17281665
99066231
6915142
27594212
37908386
43632312
17109743
99516480
13135230
97580140
81844599
2406546
11745975
1953892
23494863
3149833
9801986
81232608
5736665
37847683
37340754
59228921
27158277
151727988
5378070
16170684
41320820
2888483
86633418
1019138
88055702
7401873
67337271
1691335
52945522
13031752
14063886
15517357
63053738
95180310
28438896
58658706
26008627
10353210
27475585
113753910
56394269
3551506
20126257
77718292
41678015
7004600
70535807
89552499
11354137
34231648
24902235
93692825
52461989
48533990
72470101
86683388
38085293
90972077
35602980
32813673
102973175
10869417
72918731
3915324
30085659
55402146
83146069
40160948
65007962
97191496
33282428
35106888
333157
25311880
20623809
66803247
16450937
16601957
70452823
62012408
9456151
35671832
14766110
97523238
3470617
115602131
43984856
2152940
102962873
87332172
30133831
10094213
23359616
20668241
973185
28817688
24351021
7187633
24387289
33001954
59265194
46828509
9895117
54816960
15131419
15304932
6101054
52440578
489030
55513814
179839
53669491
29415481
14814397
15714650
1393102
14222494
50139614
6625258
9668865
58763721
12618921
77645225
114348739
49309431
34443632
2277106
26284370
32283347
44053087
19330630
26363411
44030785
39831365
23896154
360068
5162929
11035914
14420338
1108117
128629071
37188728
17773901
11566445
34948762
8387291
39895166
129483223
55100583
50308159
26728729
9367396
88654727
77908463
74035466
87972003
3477717
45674324
5134523
118727476
12476590
50205968
124569891
1432978
75788932
4951362
2400125
77537787
62025883
34394536
66618764
45126608
56252757
72835615
96603410
81601126
7379063
80152528
66092930
87834157
50194018
79145947
14680832
42374306
52187504
24648114
64207899
48235076
84081687
4505194
59837473
60062449
2314580
65570594
62817180
63276275
2426274
76555718
19510678
72287041
37227474
40586541
9071136
158016373
49455340
57667927
59588271
1853437
143855557
61970242
2457612
133915684
9418497
5290361
73138789
42065741
26184606
19084954
25601254
87671960
15303758
102609214
7066152
66799203
36996445
323295
15046185
49105249
66221366
8814233
68820385
1408336
15202385
92822593
7120950
15277779
49828275
43847639
11585327
30444878
112450301
62119406
49559484
38160704
59354111
2312136
3167348
24743540
82360862
9287051
18341223
20638893
20472129
35607321
3717641
18056337
45270503
6829628
31085849
66833164
20321858
3811897
90663410
5494944
96477170
111914608
51403351
78431223
10811398
17317844
15029988
29758772
9503875
38737414
121836238
23348046
16688582
2414057
30748834
23378236
14528
7384093
116159978
157692949
50229173
99050815
90610724
43857942
20212963
2683050
105916358
75854305
37205498
86562328
80707743
46667413
17470067
9558821
44318529
40539732
4830007
6710407
68786163
92733156
12536291
23253954
195908
131065923
17462320
56035960
32672317
99458115
127622309
36321818
36882817
86239592
52972543
118719204
44131208
91914109
2278981
15629938
25076965
47096986
58620029
29904067
166850
84414382
40816398
28145933
29089492
111478172
5041353
15988090
44764852
393476
12995822
85002487
49803
77843800
9348556
7562858
76541209
37726940
43182129
4590269
21662752
3155398
57580251
15792387
55036901
5938530
96889694
47092959
19380312
27671382
5225831
639186
13036159
42392247
11618234
157242886
11778999
74896070
68671659
124958172
23049166
117695
6298173
1358282
7398696
14160267
54312052
10278225
69219940
89972075
1975930
1852637
8645380
114328478
109902883
31737444
1241001
90218466
41353535
2538260
116844233
31907880
17493707
116035980
6691736
11106363
14803366
36152680
13741815
11196570
86221529
71244365
54742695
57949385
60472552
55732925
20724823
58778331
299968
38267373
34914584
92350188
57117995
1541431
28319922
4492718
31989862
21999391
30823420
24197444
18500084
50815304
51177046
17173754
16872222
96282916
25146011
17036037
16082336
11216459
34385415
30250407
36043960
58883291
22544041
7840645
40846804
24877072
41883746
51652651
88887655
35323590
12447123
19303871
49738927
30364163
34130972
32760954
31727133
2302440
88345986
58838393
56761525
55343256
8518170
6601864
62475381
7634411
39134126
43963169
2954753
3777253
32667375
78457332
106974311
29248627
131035329
20710950
109160923
53304540
30825259
5905298
140576899
4637032
36851997
20955600
6313578
5519841
2013654
35170921
82880275
1567383
83944167
8349899
66212048
117227531
17150100
2299738
2294443
117413992
15583807
47618252
120255809
17140228
30351687
95968
8234205
28418169
30920816
1479969
39488564
24564893
3309746
419711
147102
61039218
2548353
29046650
21152155
85112748
26013050
89498266
17103082
33170371
25153088
77022770
50049351
9170538
1947816
2384597
19116364
122940877
108538095
67002531
111049409
69917329
19504268
47704010
8250290
4827717
138973307
64498526
16397155
47166233
5816629
13950361
74557176
8504886
5922244
6827635
151515132
10377577
22141595
5647803
24631507
135137727
4761626
15690665
53041373
65810264
60934339
9922221
13618929
139320038
6298830
43839971
10479316
3882230
42123655
4229860
7215412
432745
10107275
3382603
29750324
95207364
4849943
86604463
124766684
27450975
55707690
49593664
77456274
31340343
99362742
61851571
73272546
31949310
6355124
8602280
36093695
28676992
7081384
139905087
4881421
33888538
6188019
2965816
86289151
54633343
27668886
53017150
2374692
4162052
11155419
9819783
106462353
33351080
5984015
42554571
25677609
286943
23515410
36241872
74362614
6712043
22735226
9832766
108994405
85816236
128083509
17901742
2147423
9439710
3061615
1058283
1195657
73337481
40539393
67012342
53624760
33957492
110828024
118577737
40410902
6971512
8037946
57557779
83020501
47034925
46883120
13530171
58669930
11318661
11486709
64402029
39694552
35504579
17119568
52754929
12022394
13931318
70341235
9303244
36265774
15042266
30952054
72379046
83001545
3481348
156834621
36424854
62842356
37646607
30411387
71222594
46608118
605562
42687351
3936568
1001051
72636384
32719889
104573650
29343563
34487064
2114782
31059187
55264054
54575685
262426
417401
41274515
19676786
14715385
56006320
19147109
27066059
57219439
44328196
86175099
49858604
63185629
21553926
105882733
5755580
3499043
78903657
103747755
14213581
27448508
61604240
17811054
30921454
17504746
74146037
85370903
92373676
9900356
83320595
75891438
536115
110990616
45883638
39023863
43144655
58031622
53424106
17872811
3867829
28919727
51080596
12975614
111045859
62761526
111901
42537859
24988506
11841686
91095243
35520321
97297875
118659120
34474098
19853653
29705574
17434490
82555383
104513255
18683059
76725197
141988581
215009
82824134
211088
105010313
19616503
4940407
47952801
76019600
5712973
7938590
91560379
95151301
99275181
9043288
92027897
19994458
107895369
121471017
41880006
15748801
28998817
12559088
30387869
7297641
17459616
45306065
49067641
72449905
24001944
5346806
13639069
14733517
2810151
25342392
38719292
143960195
17665745
19346315
31846346
52019952
3162039
61454868
5226168
311904
6058496
8495956
42135610
3294906
30647688
3653264
15409269
9705148
57402509
46566324
10600915
568692
40622287
1940879
21976678
86481868
16558734
45843444
52194286
6811718
9490398
40925245
30643993
18645844
127855573
83559182
36544686
22785938
56601761
23918386
8091472
54715396
17665411
47592914
21896027
79747840
13284374
123501385
9064902
124691607
73958470
14801497
11496885
18697107
36220671
52580487
11125504
38367674
7296394
47524369
23527540
65132800
73834808
56655095
17668216
32789508
90562023
34540038
27359094
4509900
12748073
29206699
4418018
13732691
13965398
8873703
18683412
21711177
14920141
90066934
60703062
123926307
6125801
41338388
29413836
58941129
11095740
30724287
49758183
74455242
11675964
8092272
63073679
28335542
35882389
48076739
33897259
105653711
16459043
34084886
15782101
28248590
110577265
1661570
1932085
105959056
2559088
93906807
22419739
47548396
34592862
80464449
25098464
23614091
26946218
50997799
49555985
38333864
87609093
31615469
117387775
52025692
126873916
3381635
4473725
13961907
92678444
6071955
13850404
57388840
26440741
52520607
24078241
34293319
16207268
2075882
35873135
11779703
104668295
74584206
65415787
19196875
35420502
17332854
35972708
126354293
11409666
112401624
17554523
18839198
24860906
92217597
48925446
2498659
29341787
16902336
26322384
7842608
111047789
50485380
136249438
44288305
92797482
12784425
44959276
84003572
25611869
126928202
30846243
87728016
9177094
20942474
49693747
50399008
282148
1923143
13217024
111925511
27212765
5145174
6185854
71874973
6675377
12652900
46881777
91774158
24292774
35360502
27789144
27391809
68952625
1578443
49371339
105263158
14407986
53623224
11097227
42222560
77283206
1938469
115946871
4482916
68967776
5772316
47785522
12625965
27590159
46065802
8300101
22398873
110318291
90486873
128904547
83753606
47977264
57505170
2392311
37292154
64529663
27141754
1115925
8989291
11284606
1682608
9176503
24528184
55288306
42593289
31973061
51175251
129061424
64480327
4217396
65715030
22332238
106760960
41896598
40079005
51666354
13903394
2455417
159263895
46857981
16964586
76421493
39718206
44897527
29437871
11033259
131235583
64561377
35716170
22244361
863168
73587269
12092657
689174
121907615
32686146
17776624
84229073
46577702
25481080
81715653
81435445
8911015
92494023
2900518
54598989
29850079
53469853
78901550
58786701
13415314
115115489
12315444
21007798
118454941
31840991
4329457
29217411
47061795
26488768
35768650
94464362
55761717
8003108
18118025
51312141
136967529
46887786
27738007
59585344
33275377
21719624
15205661
140206217
50405121
40852413
64520817
10671499
35177155
5738734
411357
84001330
66950593
28208479
22956018
32794129
12789708
56238014
15214327
34191650
113376952
56679124
104741681
70706946
18471540
11389415
57901802
91599163
27949450
82532510
82866770
81887224
100558435
50944165
25784999
14824570
5009736
44390292
77122642
25072317
84155043
6075513
15825022
26523790
53584290
72124211
5491387
3284836
15305516
20370774
27079283
85374468
2543625
53638026
844865
27309892
59416627
9579235
39233453
74739256
4312488
8550137
59934930
2938231
1311529
35457805
8155
15660864
29370371
42319407
948534
114766493
14946639
97022358
82512559
26737445
835552
87898544
45975018
9868609
39609972
76129117
37027548
292177
48145986
3074344
64558534
22480603
47842316
113302851
355887
75727782
113948660
4953543
21173453
68987811
6109774
31829250
41633978
20089885
82263482
15110006
24277283
16299310
71941431
34423559
27818795
1707243
19936883
12245759
69116521
509842
37813156
105916502
16964988
87505637
107842534
10668269
48202600
65798594
52376793
87407862
45447924
25202716
41659024
30791217
53703
2567961
52789139
37453649
29848616
72714270
20759644
6264928
5698735
101179008
14851135
67979355
20713713
90952714
2898375
63474938
11887151
1133098
3196489
96561046
87234638
412900
38508032
53639637
67400827
90680356
61913634
44150532
93935706
23686705
69115962
127182790
54760653
70150783
47719455
29794791
4418010
25904389
1663584
66465161
7797612
23599052
66221739
50691050
34686692
1628706
11764537
44531113
44327259
13568477
11153172
66634500
32339882
30788492
106449451
22652748
14771952
31042794
85051703
52299228
8445013
2268361
123993377
37410558
1262169
4496049
69590427
5467557
35158295
36630248
18221713
55359360
18719942
9054225
89795572
33103031
41360754
4733414
26905722
16401144
42484487
8989960
17310240
19618043
98231096
39840631
3227988
74084716
207910
47064813
57250248
39673124
3826166
125678038
115276972
65955133
47177547
13771692
1434161
31364366
1778088
24585996
26964725
1665654
34462326
82943848
50151624
41281856
125841740
27610270
8385817
18977085
34055167
58228403
68517550
22519530
3006360
58377112
35903316
132796372
45788694
16735347
6939542
12201243
68931240
10337290
97712725
5414380
1613739
28553678
13132037
11699130
13282735
26789694
58258511
5538596
64255061
7520956
26061389
22776514
110628438
99289918
130174511
46429706
60044945
10583628
26144221
17587381
6136578
98783515
11524633
97834859
14745079
30571113
16843886
5857483
8251549
32272712
25314238
5599738
38134763
102166373
79697233
110156837
1338257
60435952
21253081
2232395
14288218
101845319
53868334
22683751
77213866
74003101
14217812
89775929
36847058
8600014
7600356
42943970
121006592
18726253
23208839
38711938
76813215
796292
56458672
57202396
48297494
11250683
27626415
84773297
40349692
2206282
36578677
67924
6838110
14263214
45975536
117957085
133413646
11260862
134692388
17077364
71456032
17385046
44695694
74526732
6022832
28288229
12768008
85877163
36124745
32354378
71506525
4474793
13415654
129207422
22368538
44491768
69804235
51619320
28034150
32816363
27871370
24440535
137580252
24619260
15811791
37809834
93454082
900166
14590983
30218172
119978414
10898175
66365736
33344410
6462089
10622953
17922338
24853314
1567226
23998074
442524
92218495
85208278
99285755
30071243
934607
1641570
3815269
8708126
13854998
30820198
13694346
46045083
16695032
122222288
6990610
45272606
20973694
75813830
11467687
20231465
25609793
34326603
313260
120271906
12799644
34790157
29741442
21433629
145116638
21623487
67467505
78137009
80235652
41327742
117687
27832647
16965821
109854494
2524733
62033541
1511678
7797515
6074386
266187
13160581
12646924
113448960
138920262
10084633
48923170
99578477
121476973
56670991
48017175
35129956
37454804
52092669
3270445
103317361
1792325
18720902
5358568
4150150
66261171
14555665
55120696
35151761
56918515
83773916
16263383
2095894
98899773
20285481
134567369
37677743
45366171
6715388
9301880
14854656
2152079
130103876
34411538
29136997
6762478
2340185
65078960
44391488
9577586
9735959
18446212
70593810
115024217
22736488
71329449
61050628
1636927
76462362
71579559
12835748
80359185
32777149
848476
93829185
76737609
86327711
26160673
17086635
51608577
24765782
12030589
113419365
37974685
60170812
4501623
6191411
8443234
77416790
34555410
46787565
19191603
43166855
140707402
2763587
35356942
28692445
64508542
11051488
136511711
30871198
62917974
34173054
81700215
30220050
52027311
44999521
3895872
54959325
4731753
32873934
32903053
51312305
20055013
3209056
14915399
538829
3962977
51328220
31767701
99589022
6397896
68554953
6298348
47505679
21051169
36527622
58961951
17786316
43104996
131503390
11606007
34854427
3323681
17509154
66138264
59039064
92407950
61105475
12895725
59556361
64542585
60669613
12521598
23337074
99139009
67182915
59133892
70469662
36228212
6252791
53309312
108585257
2945346
92015171
55836560
25652376
18592141
25891511
30586324
14469971
11542102
50847509
5015973
97734639
10187419
96457966
71671715
8201650
35704540
36742920
27989028
119520336
86195763
7081367
696642
50964740
54599398
31876995
103642408
6015128
37674241
7311066
139705825
54107160
5688809
3704469
64058218
33329916
69068561
99752151
191847
92900786
69583184
53189297
2564169
4812512
41520647
69402118
8931179
82702819
152916236
49059774
2960854
68573466
75776969
7780307
30166798
103417969
17119684
24225489
17738147
3986256
16997150
48596028
85602218
10192540
6190601
13388622
6573227
33513099
81925318
5963051
46567997
76218560
2864793
76776970
57556346
92604027
9992718
1682105
85763698
2942373
55841498
1987616
80501351
4214211
8566960
22843827
95976164
6015333
20608308
2290969
38450205
52025729
18429729
57080667
74925068
77586382
82211533
49024099
17232519
3478197
50258814
2035530
79826554
64577087
17040425
18059422
18113173
15856131
72460515
4325585
85720451
77464867
39991484
102095566
2030064
87416466
63616533
46039433
11931402
39991947
87282244
97189043
20084231
92333803
50696490
58371087
120221596
34376489
104485855
71411890
363106
23869902
11568137
39658833
12958961
7447429
66253738
72633064
118018923
61377756
51036867
61369583
70771876
13493655
14004297
6814983
3800097
9092504
5784563
58826079
66200780
15924637
5165417
1960912
81637782
18910355
17460505
35384902
54141338
69896878
10259067
3306555
73550771
31222171
85097602
17874241
9243863
81188581
2778867
20816954
11420720
1771689
6555882
46997291
13341475
57820323
29175289
114018018
63369053
20176561
60580292
102551343
32806786
75727567
105423144
4626844
60655943
2673430
39389674
3859902
8406141
393668
21316476
13701354
18945287
28002490
17993212
41903848
35939962
71423017
55367457
203064
50941806
10758759
24398743
85061184
23854132
22685078
37090895
54865330
41567690
59227576
341779
133441226
7520473
18476294
57286869
49596222
74230810
49024069
13683308
13842464
48971903
69689776
51095143
49126678
70168148
43231938
2272513
15215773
1511781
47169252
17667745
3586855
16223666
282842
12558454
95422838
28528484
46583826
26275853
68895940
25454642
64170736
113680533
14152098
93321988
1865033
3671289
142560106
19183254
9576351
10274896
296950
116166271
8021876
7704360
56515
8289530
50140298
48932484
134984057
21501450
114979413
46017820
68433262
94163284
2270339
7457936
18165425
16211642
17615467
483370
36112092
40193258
3065005
621705
49497860
62331221
32293867
11896190
131475353
65473
34236040
25502613
23744807
78903846
1485420
77416654
415621
4114900
7704923
104960106
6085649
112016051
53854208
22171029
6676885
118406990
21759825
18814215
286724
68972788
31524164
7778237
5176673
24197972
29203244
4134833
120579619
64740529
11482669
20334916
6370103
52172251
47854899
38322573
97892781
10873582
4989088
17347438
18781878
5450648
2630329
24953948
11879226
27937158
9183505
6917852
143370
13331416
41381234
18045829
5063864
97303692
11484228
102480397
80496779
363459
72811174
43194491
26120439
6992820
33142740
1349315
80113381
102350970
12626781
77204857
28276988
58772601
27611647
42325751
3123961
9459310
7929572
33947819
6049185
26791262
58264997
75349611
145858938
3561996
45891233
39938231
67234697
11043067
27668062
27080127
15657487
10149432
13328484
95036515
29011427
7025288
1838080
17030730
55154744
16164593
29495826
4066474
47895169
84318997
27930633
76721644
4465424
8673192
3531271
73625797
167022
6570697
57522736
7214570
35264346
1645416
137880767
35202346
12320127
3797675
34247633
15553949
2190631
1966421
18589534
30104195
29405396
3206593
16856713
41851576
5769133
145748456
30188703
102398064
64328389
133640118
38891709
53858028
21275380
28893578
48448422
10770368
8445406
11749151
30627945
48088713
54576754
29737716
67686208
2789540
2169856
43250855
18724966
4931712
7506603
53834791
62846594
6635520
87780992
52181972
32726240
22474148
34435002
1122226
58294462
80648120
27007783
19311005
17607911
45070079
78252186
21180674
19150544
85625943
21067772
75551742
56317327
49999792
35459579
52612452
7897628
93066719
24831027
48878404
35025381
15695022
29859740
38580299
47133056
24654885
10928974
66473800
63812352
3046986
43991141
111208543
85009652
22869518
29564596
58727673
114934880
32045911
53818354
23995655
2852420
1081185
41733820
63808273
137679646
21730357
40526125
46672790
38468298
10659439
5397283
33429121
45948564
49972878
19439681
130608163
6906205
43893529
49325545
21175250
29090884
31371394
70478263
21597364
24689673
49818252
38391038
2996696
6921641
35188948
32423601
252523
2547443
123888528
10749971
12005570
31509923
81464422
45954986
66725460
1955829
80302803
29022534
76002413
40787816
58980342
17220208
74082055
28403159
86922604
62305530
48547737
103276663
106505658
38290302
7577348
53550053
86778603
9165897
95113865
11132958
65188825
4577954
35125043
31536516
21988982
44241470
2649578
25493548
141556242
79345631
36304586
123476659
91059271
14398608
27431841
28137598
25793147
43330121
104848438
34921157
120076175
76354710
14972005
11163552
10766218
109563134
7673417
11196355
12324649
80351999
69546626
30329618
99877731
21831050
21472892
19443701
60251582
9327424
77706689
30265936
7223923
18535133
69871385
36783
14141209
68631074
68264272
60516255
21316440
11679087
36771541
8554114
1693500
8214374
386497
4235046
51113733
1910745
1157977
85814009
26166903
41240812
6953720
6162971
6158322
36029840
9832895
102373855
23204540
24997229
23337411
21027637
36761763
1410688
35376549
23177873
41008144
139338658
2241625
20206747
120131944
114893812
17779319
5225488
63907991
12315165
139028414
10230851
44174812
125049293
74624952
15440801
20267181
32645248
23297160
1964958
233467
84192578
29347630
28462969
46580720
135393594
58402476
126032027
12639917
1078566
14906930
12632
8680947
7625548
9614067
17836811
22194138
69155144
33598029
48452044
27700288
82964534
50696976
69332812
46762518
51153188
8222709
62494338
5746143
122887822
2972855
50521434
596676
75491288
35524276
335607
42881296
17824943
44762288
1015435
30137339
105673453
79075782
71621373
33950839
134806945
7791553
91068448
15048955
66126979
23910121
66249194
28024871
88562670
62459418
13924760
3205463
6951591
4890653
30996044
76660738
18481438
17467430
112946657
18917340
67608391
599638
165877
140941094
18578942
13059914
73728789
61771081
718140
56722343
81631094
11725970
60614825
12214328
19780576
11137756
17349126
139465603
39654143
5743955
39581868
16080618
12002533
43231731
159809595
9228642
25406633
41042780
63829673
3429388
2071691
60120774
65164349
25116630
82541136
9725390
58247813
10559934
389330
5035221
5790100
122797073
38435015
13305794
32435206
138143699
35752700
2835920
73769818
8615830
54606683
1268878
86658165
10558710
29239738
67443847
33324620
3922484
88179724
5271793
18289005
74750522
124365518
38746814
38728852
33328118
19692031
34637957
15140672
23835718
14971458
11829182
19577789
117664024
15698777
24455756
5047571
39541597
60728572
12676987
71763778
6634410
1459425
29397524
255184
29296788
4494817
66691955
1288901
836233
84096885
127003051
29413226
34972663
34258409
120748467
72676469
128875400
86169434
21188058
16347684
40390616
33731911
29256345
44374139
11053890
8495398
92362745
82981301
10765432
13582635
70363949
7701418
14050950
25176372
102195830
88409175
100727517
85089579
13493044
11049541
56840838
82918434
73988024
4745691
73488766
111372370
103108987
39141852
1385322
153547592
9086393
12876033
31983439
27492706
11410139
315089
37413408
4169388
56386024
144581308
3503575
12956856
22553688
25816389
1282758
60086649
5015806
1044822
8819057
113378838
54979298
25422455
405420
84550495
31390925
44177166
32220659
108739
120933492
38657436
128169481
46028068
80912571
19034995
89127208
20404575
8055485
57251059
94612350
139603632
64374042
27869511
9001867
1173988
45572603
11244826
38418700
28543372
97348758
42920066
21880972
37104477
146940325
4525531
146949932
59020612
9564037
27713504
91138183
4222649
70954058
58879190
2595477
101078035
6069970
125586448
21960444
15468463
76386628
7060300
119624375
85953827
9473455
4941533
14545955
37801263
116347548
27787783
10208306
16352018
52772064
30235609
135066719
59407509
69332105
8912957
42701700
34179845
37268819
5500968
35444761
45932418
1945947
1526540
58009970
49704263
48164598
103457996
14001334
19554641
69657029
37833109
3043625
99370165
65994897
91251054
3078944
10102181
131056290
21264559
27991990
9146861
64236914
64123546
64172391
81931082
28489282
4248028
71551591
34487711
144311202
9011461
6249617
30521832
1876303
92546014
141432015
131791933
32637010
13176769
47736116
52547262
49571592
3895480
13603307
20920322
100787225
25164433
19594780
31561397
22875778
28755548
75874376
71087796
101240127
35259969
117055333
2314504
84873988
17834913
456878
1611816
27257274
2952562
98225699
10246471
53752175
12144730
64406871
75033695
27251005
6933337
3667412
18462721
24983594
120998529
9575377
82060501
69593938
56934910
21822085
5339312
49708404
13937465
6063589
48892349
81677717
66832796
16060336
87463611
18733320
67841911
17818012
1590343
44923729
17917682
85266280
18228883
33984886
31445684
95329580
75136931
6282394
11297260
111590476
15804850
61365982
85810431
53977574
79915447
21490775
2724805
74606187
29829500
736946
18947771
21148140
151416786
1403346
62058657
12464413
6969502
22984523
50922591
79440988
25448091
2703556
42703975
20898898
14001757
16928091
8889591
49497213
754290
60115381
11629700
24311481
39081812
708185
1179223
91396279
91460778
14961612
26319707
54962832
115249338
88563593
25655634
6593308
4144248
71601822
118563549
154271333
1446258
2308123
46796166
27778438
1465086
35713675
43027237
81289281
27994156
1920285
32268563
18502814
65650649
30933423
15665718
10001024
13941224
144628495
2665935
15271204
8086037
56472288
70293137
63291257
8972527
20322084
29978337
10865807
54772010
79421176
37620776
51195971
41986786
27200198
119209280
114028083
14592482
15142089
18005548
7377194
67641658
64614041
56188043
76003522
21600170
41180566
14591699
66969437
70442264
9404670
285860
22023003
52288037
100146991
107419013
79862479
86447423
42419674
48887053
41020890
16974008
17978952
131567096
69531345
6360649
6698451
15583885
33317159
11800855
15625862
28237844
9000523
41597349
1040453
23698232
56640425
41369483
41741740
12827459
76279593
29817881
39131785
43387401
17939003
26485244
16993815
126676531
18501661
123922050
138095232
84860703
41832788
50664758
57683298
13671500
16712147
67745002
31466299
11365387
39138016
45267986
26756581
2273484
32038502
16811866
19993273
126087384
37010999
9521680
50193318
26071327
73908291
132837598
81544245
100457228
48373106
389024
9362717
23506676
38407945
7680499
106120403
8594549
43135848
20362966
24417869
85446358
85435691
89260414
19548023
28814831
99278312
48503073
25502117
85977452
245860
33042048
2686320
133309306
76000411
27683563
5395256
6379556
29598247
15043573
8779119
80337117
6131880
5529263
384833
131659584
1137484
48382617
72628745
15798253
62765493
106272806
1668248
70510047
624135
24219840
70975065
47894406
2773347
56060426
37948637
6190271
29342482
22662575
23056152
9659293
69157196
20979019
8946479
39154893
11425691
6453802
64381772
89776501
29884225
32481597
18177839
4625628
106870163
129241789
55506160
67088544
101931516
68239450
26394855
68768132
120934438
36540144
123910768
14998058
20064175
26712949
56254216
39352747
7937841
82952142
21360749
59162154
124309092
56380274
10790432
44532771
1686184
107507216
26424696
22567681
11239583
2612173
21820494
7417844
15289325
53244180
64279363
90412676
4193501
8842531
28437057
5948497
7437723
26630115
1396680
131377
88015053
22034670
114937679
20001673
510212
19299860
37976352
52915241
34718117
62029504
3156177
76443774
48288828
13616489
22284197
52368046
53600509
22795639
17739004
102321200
41863671
4375048
16894976
98208011
113308762
43341226
31579215
22698958
52417715
45773407
25852657
39358507
111522796
16409287
12547602
2862759
68085753
47640696
54986477
41186895
37679919
113762814
131615270
17827973
22987383
22295024
38899912
48281779
3712137
2620979
68450947
20436093
14675055
7082449
45185189
56913366
25194126
8989756
2412184
48481240
30946541
89090995
58639565
116383666
78213986
18683845
105369013
6938479
37083041
5991
13029963
22378579
46357459
81930563
15873810
78279574
13115307
21865518
9556187
59391497
72662988
92492978
45919295
18917567
21740633
52142719
43938414
35033872
31542914
31818643
34589254
44417452
22956706
30573391
1645355
8100245
2343400
6466022
20934510
42836085
5966200
22921739
55322089
26737841
78640156
20819526
60945341
14132845
63060195
64103737
73912555
86430329
42146192
16769460
42437963
19088552
23980152
19120889
20854205
19193537
7331401
30418693
90936620
41070396
3908765
15082884
24232213
53720751
2675829
74318137
88985623
16365025
28715576
39289938
6780021
17410079
61957672
17896255
41984177
41159147
3171512
37642407
34434098
46766872
85691023
21719733
34876524
87655681
26911173
13734257
13033289
382721
96333316
10751065
13178053
117424855
44949102
88089693
22510889
4066512
30172306
2369013
43448499
12806009
7231928
12136189
10645831
20032133
105864042
15157085
29021103
8534828
125988898
105028857
9953444
39537220
6339983
36242339
27770666
21377631
46558460
30709337
4704519
55517272
12106947
29046744
9962540
12200822
11953420
5585777
36588460
101432816
82623239
34763597
7390009
6786474
107404155
32812743
529639
68770363
24218797
49371706
29630489
128331978
27359560
48127301
40970731
67282455
21524268
63548283
133221483
9078460
123688960
27655840
46632325
28861778
8386816
45922588
6839789
29100433
29176449
9972235
55336707
278854
2654478
35601810
20736338
108437497
96786834
86866318
682579
91192675
44593364
26642001
6662649
20014862
108207085
4464681
28219424
4392744
95441188
63901306
50824243
765668
1463140
15424254
11625792
122689926
15705498
62497137
14268076
47412389
46709091
845443
84293701
74278380
7220882
100565818
55513712
56216958
93822820
95220520
58835660
88949625
3527270
9634656
131303507
13086665
17969201
28459881
5113950
90355693
3652120
25722771
32866554
1285988
430163
122905279
61749241
54301290
66516392
51644685
68776031
107086653
95007918
37069133
44163620
27019174
11929289
78686642
498275
15506380
7719691
143988608
4115242
524213
1653909
12527024
35081925
13342470
23382718
80177248
8938551
22132987
18096998
20508607
32554750
11454
26101237
15256185
93796915
80216621
18822679
22948476
3356668
9898345
8844985
33091512
7408970
67392407
75289208
74038244
11447238
22849262
54676595
127095934
44125272
7716655
45637402
12079562
3799033
15458323
42972012
6322551
7826317
53843699
45593620
1440689
49519732
87220838
68305302
26815849
125657326
53617175
59327323
61474496
53057024
53633153
24932297
61393037
31342935
51951774
83101641
41243796
25252373
7324093
17786020
28631848
14668768
18866410
68693061
95798464
144524124
21476243
5670769
20816372
37806290
71902749
17565804
18771257
4034346
58337205
14939439
70281258
35719274
65276940
28525400
3733035
49537461
52126664
31161482
28977113
92595781
27301329
12480427
100766858
43479151
4124811
56608312
881524
18743606
87192385
91540178
38871196
89877945
52011144
98588696
3102214
16573831
21404707
63345333
6740079
14290831
52226439
62257764
57270849
117016708
12652104
48676057
48055286
37533161
25615000
94795999
43100470
108378443
12242723
8581509
79454653
111419179
6068507
98609252
35495211
30604851
5135155
96698905
38943417
74993344
26635663
52989390
3708825
28717051
131183530
44805490
35969182
75498767
15100667
14809961
33751615
50950970
4734744
60983962
22951473
36746900
9526233
31973398
141632273
72950529
70220798
82105411
9902051
5293384
5672576
4539272
42071615
22306079
15794210
1083967
142653007
144064114
65629090
19637933
7516902
6066313
14770356
72335205
19052271
136949031
15865906
1039170
112292948
126767468
51634580
20947920
56808355
135738950
18505467
12113859
66255408
10183581
61003431
72611519
128178707
8345061
67222075
89440033
30496346
11535267
4604016
9026755
1957202
50815469
41552665
121818974
27212231
10947415
29614539
16591664
35715721
3452034
10996705
1556452
20196005
45821806
49534872
70195137
14353791
5681304
40720605
61727892
13239745
2009304
47541497
858637
1266618
30082709
15374049
39273572
54746351
22009421
57988677
10979322
55714399
4946858
2463537
14634974
85148821
40661116
99319496
84663078
81467974
19159973
48301089
8476681
2451078
39053116
11847502
3563657
24109915
2580259
50642356
35109194
9091749
15097639
33196944
49697521
161314
47770910
5432013
13598106
64632396
23339595
45181381
13618727
7883220
37577323
21937510
11771480
15499010
44783059
37109912
25557868
19057156
8136393
112152291
37233660
105301885
17074894
104705147
78559777
21517006
21322449
14795384
88835223
27610567
77453678
85300066
90419474
20220159
13585182
82934080
48379001
122690433
73357578
21912393
129594984
7220479
53962146
101654020
34646496
51240341
126403126
37119919
43699705
9189766
1104022
85469133
77421106
40960196
9647046
26608607
2202354
31627075
4452219
5865349
45624989
27082539
11691145
68009882
6817514
11696559
80618445
69771637
29405568
45817117
37879440
2404446
51404455
42439544
19077859
7831582
331731
133320821
1874044
44413124
23039259
8633679
117345445
99627303
18698261
13555757
86169903
82919101
19917873
67284696
98626910
4043271
46692055
27568115
10487201
794711
38712083
3939124
48813832
49726749
24788191
215049
34080716
21344175
2886380
17057767
81973092
2447730
91027406
42144778
65724745
13836671
22415091
35780041
4135992
99088
17610112
16466129
3025083
48597284
7847134
25969292
59340733
141733555
10804294
49437679
22733284
52096552
31735047
67267069
6545165
103669971
217514
80299365
881349
15509589
89702783
130855329
20495356
105665046
112708235
27891936
6879663
19207386
1376577
35770303
22038526
39862341
68687542
4021592
58402134
11873809
90869372
48848631
44571169
12720038
135100443
19979330
74185074
24850592
14702918
6641684
28188888
60798664
4078209
4593128
3889561
66230166
8334145
14852849
9481844
103241101
20291717
19345510
43209907
10517826
8621611
40623605
26238840
46762436
142252239
26159473
106414974
38377440
88006972
60146759
104858991
52995016
70682356
1947480
7051160
41071231
33232612
110363081
2392196
48798556
10313549
37650108
26786025
96062217
16465394
99236347
38769140
1858176
31804579
31185186
19519983
12999285
24497618
848246
46538003
142452718
75692658
108289566
47576606
102587820
40587315
13310160
13511818
44365525
14620426
4031771
12700820
69747967
20103219
9316900
25560825
1152606
27327326
35925587
72177715
68659038
44345407
31692709
41369753
14148906
12867913
23667956
37359028
1620031
18908467
40799848
5034743
28349439
136387550
55107661
26269219
73724910
80084773
133360085
393250
113220975
65930830
7254011
19000524
7517477
37117275
2927589
58856486
66505280
7592338
33015028
45049134
21516950
25371927
47163039
13396640
30225590
88901216
32136619
36466031
7254043
22681420
6487342
5394551
71778936
5820951
100158760
114413337
5921152
82075380
311278
3982853
29485341
55711325
136539025
95499988
72107596
98509238
361871
6136345
311588
3980913
31714607
86038561
26337440
21130419
12803069
101960308
24724455
88351234
75532146
32349038
1598811
19618962
84780207
39532867
56252050
54573263
99175594
41377610
2723028
24138365
4813012
51920137
2367183
64754743
68829547
56743196
3752056
58440108
1184229
5360903
58008725
532478
18690680
12320179
9767197
65470969
40416892
27771266
3708209
39838295
23556
6103793
36770834
115193211
135508632
72273427
216715
13235108
50552660
685111
591516
24638664
11937441
20739795
5393111
17571161
106093543
93747605
90757837
9731337
23533052
66795711
46912615
21139060
24353771
127060166
80805176
20521902
3484732
36748942
69871389
116853164
82475929
1679737
46482623
916700
36585405
60589510
119152947
114640519
48723718
44235062
48841922
5729913
794113
98877538
9438012
19281125
82592600
34804158
36759618
8950283
37409985
28540414
105633575
4851268
3963671
13241646
72760759
103749115
16712414
34903905
74615846
39008189
21066114
125372235
152625193
50079326
19649882
53227952
143524113
22763082
24358991
76385038
508363
104641079
7630870
89112843
73894201
6365926
22978718
733303
32518693
10993089
36769786
69069546
9855772
129337776
13646720
67743903
51909199
42465658
68470067
12913893
30957586
35970495
115468947
1687280
34500916
33301673
118596185
27880169
59372031
36874515
97599647
20779971
2022727
6513796
53069616
77390026
13802114
601707
67206749
13965352
61634042
36428477
97022586
28066707
16491057
4356220
12118640
26231479
973183
30497762
94878274
81693317
2542969
407001
4257156
2761094
5792208
97174000
98072720
21041855
102576396
9831223
61838788
1373284
51650527
62342943
82803578
115420498
2393710
32572793
12645994
44690974
38399619
6316141
5135527
67253930
3368140
141556464
25734730
9030972
65471217
63322685
605692
22205442
75177548
82743358
42689445
2382038
65182494
31082065
2035486
28709107
8126227
21713431
65173199
122186
103925090
13191754
349821
7366634
72729753
746941
39073149
11525580
1043917
2461949
16817640
26378424
16129953
7941280
112371772
21986259
43651650
6660681
32677734
31264139
140159
2816491
33758562
69011137
45846803
2038425
53358179
149265341
31323323
56194063
54980665
44882364
12168534
24894321
2117466
95495900
53066049
5335745
33095880
16075
50105263
18498253
1292167
15852778
67817459
14322520
1932393
45668829
1873887
9546175
634416
31890231
3457153
70127349
66804677
72021749
80088888
5675268
13401282
42653672
60927099
45170803
1858699
79056113
32539702
818747
596138
1270506
37938240
2299212
11356131
33922161
29488593
8649695
24355083
45885559
111708537
12239243
8983025
74667175
76518684
58270850
53675625
141458073
22848000
1908405
5179966
3542708
14916279
8988367
24689415
15410603
50730685
7529214
40396322
29667631
7494799
29651489
34277473
28308526
36728039
17693998
26867134
33466356
43009847
5316881
52708529
140159053
99453716
8989362
66897432
40616571
44111673
32753032
120414767
13339455
24759122
63229203
538864
4372068
91672926
20159026
127349994
15749386
106009555
94681859
88050014
128208226
25996535
70340536
60093512
39088413
30962532
20176173
17007843
2310315
49199744
5900896
50386838
30932486
28227753
195487
48870393
65310683
33603661
138453730
42619022
75563707
125512443
5360843
11048939
1794223
103900185
65820869
14851199
72290237
121868006
12801107
27587312
29303060
82897751
59885754
71311591
8703241
47178430
67972563
33608064
86188385
46306693
33659128
2647690
20154360
5416305
85340420
34965888
14375704
31930701
63882640
120130125
61728907
18319537
651148
23419032
20571807
22400380
19755403
134442974
41283100
59856880
32651553
17388661
12273450
125204746
52599568
18907505
19575570
82128761
36463786
16871763
17674754
72445869
54674024
5622638
44757584
144567010
54550459
33666465
59580322
60495499
8114342
47451971
57623459
123713540
71833500
2078934
23673134
23041143
98047746
3819129
56736409
63174445
36954135
128187899
86477129
97284043
9667623
23618226
1069484
49683278
1271398
115315014
14222292
49719264
18650444
13948265
9825351
12954617
37381636
9621718
21210854
105106868
60915292
7158940
41176203
52971432
39834557
49291251
49328416
9829894
115631654
1230013
60958349
71605676
2803213
85393954
131340735
27477135
84135225
58312917
58962805
125606757
3500106
31221280
2596788
51572887
98225521
8570154
5981298
36289952
14098713
129094627
9453859
89340158
116398030
26847483
27810208
48231454
35926109
16689712
978621
44834658
80801266
41915624
75939508
6662640
28245447
2413460
7539271
20637862
6280837
19163261
8283705
45299482
8868606
29408980
2355635
8064504
21449240
2874090
10910715
22491628
66100758
61984469
37998060
102049426
3278625
60945290
65691570
12467845
8263776
9595665
38188605
28995448
26219425
25074971
43945083
73789178
6080623
13017193
55216699
69391456
134429637
31705880
13692594
95949375
35073109
17099240
11663968
95103186
34517259
86001955
13701614
62198720
21081872
44311687
1854963
23739442
39473698
98636029
66848197
57764989
16052727
49717468
68099661
1624992
10421877
461449
24446059
9840992
41736723
2789085
69670705
7399884
92659187
91984290
49907216
44890360
20766935
51236658
87684685
60913522
16454587
51438974
3962423
121845549
91707790
103484375
40356652
3231837
977690
1448780
69971156
46047957
44532807
97711881
59700435
13190115
47921139
10170791
55448875
26093628
13238127
1266897
7305356
4811659
123801496
71519013
5646898
4615527
153621204
6604805
11181475
81523497
75981808
252986
9225741
52469005
29906124
71262534
39161319
23252441
1330558
129263507
5318591
9877447
17155357
88723107
7160714
57515823
3755435
82865349
10237837
51497871
21331744
52393590
46973510
15678706
61451242
10466472
3824337
8426884
21585566
83009383
34373460
21164639
7248454
42225844
144159828
46600139
97189749
11453516
3926903
3812953
941036
33735386
55721931
1859349
14384167
26052638
9047681
36085500
2381301
8122967
32727218
40150812
42946728
28615786
14255369
33985796
20896051
54245082
9587538
72414164
104956684
40000697
33167897
87397659
19190108
2756654
10303760
1298662
8544891
64056031
31319170
14575201
58629577
77513926
21720947
1508494
24947828
4834538
7003288
66567692
13177475
26600283
16609094
37802805
35041487
19574727
10557024
4888460
43043963
16288443
112692797
84887433
62077289
3489248
4937539
23453644
97148440
109842468
33369521
19952826
55239259
7485301
39434815
156621566
64297943
88544048
93040909
14976031
8294075
8029529
29654016
50150299
95109484
14906386
49692363
119153675
27743880
11016721
12809696
49538327
4032498
63425065
83578845
3684155
74949657
34412693
95101800
8170181
45086406
136617931
28149601
81499006
44961910
42238429
103458727
11880708
47497787
2958359
18458270
76428555
121221551
35725047
50308377
16248295
31309646
91193317
3910613
33019667
3909245
49930233
23474387
69349009
70448436
20767821
46889051
31752228
12440857
8535407
43066103
14214529
6486949
819338
44399108
146596945
51461935
97012942
40002907
44668700
4349783
16872704
5811628
116974850
3475708
62015110
67751613
35100409
3334815
14052505
61607034
82381533
59572923
27023389
1690382
95898967
14164326
122053236
59929123
65187879
18835415
107720878
81355267
105488242
34866587
43721321
66366692
27660717
59539765
17658328
39367336
37716477
12385827
34065474
19422465
3116121
270057
42307973
99056325
22912399
1784353
111324045
15175801
2092467
46074738
22974893
27181434
48459360
34319570
38367015
22206970
20969077
142737168
12043812
89872362
119546925
28995700
30464479
86113751
27904313
90589081
50246132
68089838
1980857
73025121
6496018
38814881
60683408
4491974
376153
94417233
4807229
11494459
441980
12352021
11313693
79664255
11883866
39552618
66642686
41592247
8247942
78739175
5755359
10982036
23956601
46258023
130021871
53959561
46659342
36801428
20602515
37468530
5845425
64693951
26351551
17688567
25610256
8738844
95834032
66139500
25183188
9747488
110431827
26296135
15856545
1279813
75688068
84423460
4851035
6258255
23282481
16599121
2713031
2388196
55488565
2128660
91933172
94800878
40792753
25463645
21734516
114364607
480178
37619407
99980658
91167970
48123076
52357574
127526669
16853490
14874187
108496900
9748010
27398815
83491146
84256701
64556784
39242712
70903038
57327045
38209824
3716632
39367237
14843337
55423907
22219744
321749
41124652
353397
74612065
26564676
15047766
85141961
4582770
43389449
17050664
126573524
103670998
663209
8001396
1091232
21644218
8401432
21719954
1730078
39553483
17899260
92159191
57775787
15936538
3175182
55790784
46028217
52114247
43163234
60312933
11061394
110989605
35695967
44798198
28533946
3293664
10379725
2165811
132444737
44378041
65769869
34122323
110232181
1504353
33088743
598684
23281560
101760998
15059489
