8066
4095
2575
89
3410
1559
3646
6160
2188
5939
2238
319
6837
922
2488
4555
5582
2970
4477
7058
956
1710
4994
481
2021
6778
5222
1138
7875
1476
5765
4179
1689
4312
4662
3799
608
3537
103
7459
6131
3054
5316
2299
1240
3558
4163
6621
5149
426
1178
260
3799
5489
349
2994
2497
1930
5515
2483
1909
889
1811
2018
1113
1419
3137
1242
3009
1879
6826
2162
2261
155
5482
2219
2411
549
8156
1298
378
2539
3865
931
8175
1419
3800
8204
164
2970
6271
3744
5903
625
2245
875
2156
7346
1282
8391
1599
5503
5896
5513
1827
709
2723
576
3706
402
2783
4932
6113
760
7669
8304
27
5549
3590
307
8142
7558
2628
2602
7352
211
1489
2434
143
5906
4675
2690
2327
6360
4634
2858
7770
500
2101
2375
5297
782
4924
264
8696
1265
226
1492
4890
415
2917
928
3293
8973
5634
17
6684
6322
4278
89
1829
2797
3695
2960
6133
1175
4701
2634
3875
2474
2301
7455
1135
1126
1035
1206
3536
85
5582
1315
772
1458
1621
745
2732
5182
373
1310
3386
2719
1353
929
6847
3256
4911
1778
1344
3765
2217
5401
3916
5276
2400
726
4767
4296
432
1296
4982
378
2666
1596
3668
415
7430
6055
526
950
3425
7186
3444
8643
1658
1364
6494
6025
286
340
2399
3238
2692
4293
5471
1136
8783
5256
3186
3627
5002
4423
6418
820
922
1281
123
3667
4729
4298
1834
3669
5822
3393
3243
3588
1885
3084
6666
5013
2476
3360
1716
506
1891
2651
374
8555
310
3990
1053
4264
986
2136
2758
3486
2103
1730
2618
3122
3886
1571
547
2456
971
1980
4924
4421
2056
476
2000
6191
3565
3027
2126
3440
1819
635
8874
1024
676
3308
4069
5129
5785
539
3524
5506
4487
3119
2024
2884
3495
6815
5034
3771
5770
7418
1730
4200
4852
637
2877
1422
4439
1062
4037
6088
4364
4581
5160
5845
1147
4839
1077
2933
3075
505
5
4250
8741
1272
5780
266
1704
1605
2370
148
3199
6019
429
928
6096
5707
3740
1426
4816
3567
1041
3509
260
976
5600
6359
3278
5281
407
3491
1106
5525
4103
820
1571
1134
326
5816
1782
1418
1025
334
696
6150
2822
1195
5789
3117
750
2577
9024
1118
885
1686
1
636
1045
6913
611
6183
5158
1143
1811
5752
1399
1347
3728
1259
2540
2807
1770
3842
347
121
1693
4388
3158
5390
2259
3920
5292
3823
4509
4887
337
5146
6024
4502
6593
6354
2152
3981
134
2014
4878
249
6771
3498
3342
8933
6846
7552
1947
123
2170
7478
2953
2255
377
8099
3140
8216
701
5458
2812
1493
2488
2380
6970
2091
6747
3155
3052
412
1563
2630
5256
109
4192
3456
243
983
9144
4646
3357
6046
1334
1259
4878
1703
4011
1075
6792
2446
703
5760
805
30
2700
115
4906
1644
4212
252
2676
2054
1230
714
1376
3264
425
297
598
2421
2056
3314
7094
2623
758
4359
984
4132
3041
4059
2332
3657
83
40
5149
4111
4883
3378
3581
6622
1277
3532
63
313
3482
9060
560
7570
2897
5701
3128
598
8176
5404
136
2040
7369
1004
2539
1646
4855
5192
3534
1318
8739
1614
1190
843
4466
67
3811
5639
3957
4689
5362
1922
1671
808
9144
4004
4050
1924
6025
4063
3150
8155
5121
510
5495
1933
3165
6919
483
1257
9044
7005
1612
1276
1035
5851
7025
6176
2205
2070
1504
8500
8270
4285
324
2289
3144
6405
1132
3219
451
2075
7310
7402
3564
635
4448
7911
7851
4326
2221
1809
5976
1691
2606
1815
884
297
4344
6691
2996
3374
5776
6424
700
6480
6815
7384
1384
1789
2827
919
1567
2266
6293
7292
2539
5205
3635
1795
372
940
867
3677
158
623
3017
2133
3122
1062
500
5628
928
5106
2100
1570
2666
2482
3409
3794
456
8860
7498
1285
283
3545
613
138
1674
3709
2525
717
4954
679
7729
334
2586
2529
3031
5213
1432
1108
369
1925
4847
5195
665
2277
9150
7548
2352
4728
2193
5630
6663
2342
1111
699
2381
5922
5535
2881
3812
4022
7749
2764
1199
5860
1616
2267
4238
3842
7533
5728
5319
9375
5309
5713
6297
1912
330
326
750
5588
2045
3447
1289
5641
3158
5843
1735
2299
768
1343
5532
4058
5240
574
360
222
7272
2815
3231
947
531
3446
5379
3284
4477
6043
1373
4262
1206
124
704
1461
337
1321
3624
2622
1697
4066
4607
5693
658
2740
456
3660
2673
5200
392
723
785
1506
1694
3260
4247
2367
4033
3063
831
3041
4878
3001
1855
8754
346
1409
8165
818
1138
5176
1939
1513
3287
369
3669
3049
2630
474
127
4018
4501
3640
87
5641
6079
411
6515
7209
4435
4366
5076
3510
2928
2763
5896
4434
1504
1964
2217
6693
6047
560
3678
912
7326
2119
3098
3941
5593
6534
3533
1045
174
6238
2810
3159
7725
6989
4458
4374
1001
2687
2940
4530
5340
1545
686
5407
110
6399
2952
1723
5954
767
5448
1078
1647
2908
4872
5328
8329
3318
983
1415
3914
6640
1593
4996
1892
146
3773
7929
6318
1414
5042
6205
2328
942
6550
2085
222
2271
1553
1518
3114
2933
1160
1909
4550
23
2655
4100
2062
6997
1625
2680
2406
4160
3049
34
3792
1888
6771
3276
1532
3551
7074
5753
807
4318
3804
6580
2422
3211
6554
3530
4745
983
3922
4073
1903
7200
6330
1128
4091
1571
4031
5231
2372
6398
2636
140
1800
4271
860
562
6230
1282
1488
3943
6034
0
3378
1637
649
2134
7457
3249
3498
2060
1033
2857
269
3605
2450
6953
4874
584
4650
2864
2359
970
6628
3002
714
4481
1334
5344
7745
859
736
2005
4174
1354
3789
421
2123
2374
6464
6573
6455
3556
1236
627
3750
3143
7010
1814
6636
6639
6219
4773
3881
1752
5150
226
477
2095
41
5903
2611
4436
4828
1754
2703
6647
217
8074
5111
1918
2238
497
6100
6564
7672
6345
7891
1251
6472
4761
838
5840
927
307
3858
3941
223
3
1696
1661
822
3307
9052
2924
3509
4717
1295
6935
4437
1068
229
571
4306
1918
5272
961
1111
1498
3185
124
4603
3521
6200
5046
1573
1391
1474
9927
3878
4494
480
2736
2632
2242
1990
2356
700
1387
5978
7662
1331
959
2343
1613
2185
5046
13
3596
3410
241
624
76
1546
5158
4249
5874
3130
4622
922
3562
557
6050
1325
6795
8881
334
8225
4962
1578
166
5366
4811
2783
1196
430
2972
1998
2070
3892
3092
4055
1979
2399
6666
4492
2107
3932
6179
2501
3355
6426
2246
2902
2200
3960
2975
261
6661
1216
4260
477
8199
3049
7861
4634
4738
64
3668
3714
346
3985
750
2282
859
711
3883
3543
3675
745
1077
4381
1563
1743
3106
5966
5131
2494
6283
8789
485
7091
637
3770
569
7249
5208
111
1719
665
4684
2699
3601
431
442
580
6236
39
2127
2215
739
5125
2364
4126
4751
441
4551
5027
2495
5839
9423
4067
1059
4165
3335
5616
2926
2771
2451
2036
3768
2094
1351
3241
3051
6947
5887
1500
1284
3113
160
2593
4455
6770
3386
3787
2558
612
8384
7229
2541
6339
5320
153
2690
5207
734
307
3272
4423
6475
2069
726
166
1027
2264
5118
5598
7296
1156
2012
5263
3017
3132
742
1007
1615
790
4256
4716
2894
395
3608
590
4359
1481
2131
3775
1642
2436
663
11
3236
2334
704
1039
1748
224
4556
7877
1079
564
2698
1941
5843
946
5976
1972
4320
2907
1968
4366
4500
4139
8693
222
74
4847
1113
1114
603
1719
188
310
5395
2063
5379
3143
1702
2169
845
6449
663
6161
1068
3640
7077
2828
1311
6069
4711
2932
7147
2157
3884
7294
7750
650
1355
1140
5946
6643
5987
5277
2200
2967
514
7300
1400
4963
2664
1881
2650
2498
6998
405
152
5711
6045
6989
278
198
4665
6721
2846
2668
340
5295
2703
2246
195
4517
0
578
2028
8
4526
3294
8440
1393
292
1318
7638
2245
7457
4864
4031
4539
4625
8962
233
6176
1617
2100
1906
2395
6491
4698
3579
27
1309
2420
587
5863
6518
4629
7468
6674
3206
4952
3101
1130
4558
623
4643
3833
2929
1192
5246
2971
5251
7079
7151
124
4521
1471
3970
2166
4217
3206
113
2119
5991
2681
1024
382
3558
7431
2711
946
6849
1465
4320
1666
7581
1383
6226
6994
5154
5788
1315
1661
4062
2794
4163
340
843
4021
3332
521
357
1195
6932
2316
4288
5327
2097
1090
412
1821
8064
6664
3012
767
1282
3055
2622
5622
2204
1813
54
7254
711
2832
2929
4169
3182
5584
1106
5867
6233
2014
1813
5859
5712
3981
6652
1136
2414
3530
6042
1601
6068
60
4733
6173
4711
3552
1186
1332
3840
2427
6507
858
6748
2270
3303
6138
2361
1877
2379
740
7730
3628
8457
2796
8100
132
1556
3597
2274
2521
52
2087
4078
696
836
1521
766
4861
3094
6218
5346
4983
3184
5884
6563
1489
2695
6527
3813
5713
4545
3670
5637
7041
2568
3447
1098
2636
8100
2912
1742
4315
1714
9152
2304
230
2526
2060
5005
0
2495
3488
423
431
7624
6159
2272
610
7838
1725
2018
7168
3156
7509
879
8262
6198
7045
5661
897
5601
226
2940
5291
2005
8429
177
4183
3497
932
7107
399
5703
193
5812
1574
1578
3071
750
253
3602
5435
6192
816
1552
3465
8315
4471
596
1783
8917
4573
7481
613
3657
6722
753
397
6756
2318
2132
7357
4200
987
4554
1803
2009
6335
8037
18
2147
5145
447
3299
818
3840
3298
1883
4548
800
1474
3682
1352
2544
2446
3980
2601
5014
6394
6275
1527
2645
7192
1025
794
6940
1570
7545
2092
1890
2371
6766
3828
144
1163
3725
5169
1199
89
2958
3143
4166
323
882
8603
410
2643
1919
3547
1434
4165
2232
1451
2791
2246
3378
1573
4969
126
122
4188
1844
368
7341
8709
5304
3582
324
3918
834
2014
2241
4401
223
3702
818
1307
4365
5559
211
5222
1832
774
2002
4030
1502
4457
136
4754
668
3523
3609
1542
1377
925
4375
915
3684
673
1496
1962
1005
102
2625
7845
7899
527
4763
4998
5588
3660
5000
1512
2617
2741
19
799
7100
887
81
2548
3756
1804
7273
2172
7882
5903
168
5360
1770
147
697
5693
285
4402
1874
746
5351
8970
1003
972
2192
4345
6314
1014
5868
396
4525
2164
6191
6398
4513
4982
2155
6946
711
568
5791
324
7615
298
1239
4758
1957
4273
555
2326
4571
78
4974
2219
995
3984
3245
4782
876
4996
5517
9099
395
7791
4399
3977
6494
5595
5995
2156
2329
1001
2916
2199
4423
1236
4474
233
222
4091
1346
1065
3477
6619
4442
1474
746
2316
4097
5414
9022
74
377
8617
1102
1216
2353
2525
2216
4074
4931
3974
1212
536
4952
1892
2363
1511
4400
75
6756
4843
2854
1336
1886
6361
6179
2915
8684
127
5863
605
2314
2192
3194
4198
1736
3041
5690
3049
1567
6632
3372
3861
791
1981
3220
3762
59
3663
1027
3695
2126
1303
5546
629
3128
81
7492
408
2739
9264
1625
5374
1723
2628
2940
3097
1951
649
5223
1931
1723
1907
3124
5648
2448
467
5612
2463
2252
885
4806
801
598
163
837
1181
7012
3541
2075
368
3549
6047
1387
3900
1135
5172
973
5792
7820
5223
6498
70
2965
5411
597
2279
6445
2134
3038
4524
1084
7517
6721
5263
1859
3582
3654
3195
3721
5514
5477
4866
8099
6990
1317
2803
449
6241
4500
3074
4706
2866
452
191
782
163
2155
4044
120
4144
3111
7036
768
6388
2006
1749
886
3126
2516
3509
291
16
2963
8857
7315
4675
5590
2172
3877
6946
3875
1567
3734
6073
2534
4182
5526
2400
1214
2559
2746
4704
5168
2794
443
1142
1966
2410
5392
5971
451
9009
758
2071
4760
634
643
7170
4943
5448
2403
6258
298
2824
1948
5319
1271
7273
2530
807
4044
1027
4518
6834
1990
1327
4186
5671
1123
1056
7994
1349
4617
1967
9329
7355
4636
846
4553
1930
3106
1412
2816
2305
1541
5161
4116
3785
188
1293
2157
3326
3161
2101
187
624
8518
4688
140
8757
2592
5112
2221
3577
1640
5001
3843
2522
6645
4388
3625
1582
5546
982
7830
2527
460
6534
4566
318
3622
2086
7721
6651
1182
5544
9469
108
3680
3479
3340
1594
2975
8233
1162
2280
3212
5490
1
4575
2044
7883
3870
351
6613
2001
6103
4099
4608
971
539
734
1315
709
1903
1159
2897
2022
6343
511
5012
205
5962
361
351
3664
167
1767
2611
1428
1248
2574
2695
1049
2747
1851
6007
586
3163
523
7953
2899
4717
1564
4556
1269
2391
3045
4069
6891
2994
9608
1444
3864
390
539
5891
2001
1902
1409
4839
1878
6210
5257
1046
5433
2569
144
2937
109
223
1417
3608
7537
1183
5059
5094
1599
317
500
6721
884
311
67
7675
1311
3852
1574
907
1561
2173
5503
3771
6620
3825
4784
4294
2919
184
8429
1931
1199
3778
2693
3002
2273
13
4734
3633
1044
1792
6993
2302
1972
748
268
643
1752
3049
703
2533
2878
6509
1970
74
2526
1180
3187
2027
6690
3544
2636
529
3817
241
886
5052
5292
114
748
754
6400
6007
3660
5199
2933
1085
1014
4082
2640
732
6356
2741
279
1573
142
683
2245
4896
4321
2847
2821
422
32
4449
1355
2240
7254
956
3804
4429
3510
2416
3850
4520
7442
671
7069
136
350
6212
50
5482
4277
5850
3947
4738
947
2690
181
1138
986
511
462
1557
7547
5129
3570
1538
1814
1374
8074
1045
819
7187
4522
3713
2264
5548
2441
2475
3685
577
4967
1525
1046
90
4409
918
641
1650
3194
8638
4436
4546
3448
3963
5066
119
4853
2576
453
5236
5654
2982
1672
895
4529
601
1519
4422
2365
4552
5124
2331
2219
6086
4070
5932
7005
568
3503
1796
474
5911
2345
1931
1161
8638
4520
4576
1545
160
3200
1018
5778
1264
6190
2624
4924
81
2680
6420
3475
224
2806
2273
508
8112
378
170
1766
3107
431
2947
2094
154
3635
49
3899
4902
6065
6233
7631
2556
6327
483
2619
1481
4571
591
2291
3206
375
3712
4781
2007
143
3872
1976
2319
582
4180
6042
5001
1273
5898
2666
2335
4127
1662
1439
889
3102
3479
6792
4659
6072
1479
514
5071
2925
3153
3514
3418
666
689
405
3216
4461
4689
664
4311
4566
4378
114
4950
47
1189
1728
2165
6892
4134
456
6933
1146
8187
3103
5329
3099
6177
3434
4524
4089
1058
5607
5392
2455
2678
4256
7713
9507
1086
1700
2637
3470
1178
5679
373
6237
2333
3173
3172
5526
213
4109
2157
929
1510
610
1568
3007
4217
3881
4390
1919
5332
348
1675
7077
4307
4731
308
3140
4700
4756
2096
3685
4043
1295
4250
8067
1216
3914
8072
4881
4463
590
7456
3274
2907
1349
4538
2810
4076
7968
2021
1972
3012
2718
2322
1927
2022
5328
3505
7957
5935
4900
1548
6441
1394
2310
1960
3566
6571
6927
90
852
8057
1826
4423
2082
1770
6495
4222
135
7502
1097
4349
1800
4425
3521
6341
4271
2736
7472
3385
5678
5682
2011
133
3914
685
4803
4676
2960
3769
1111
2804
4259
81
5794
316
332
2842
1757
3426
3778
4406
3475
4094
2746
911
1855
3866
1124
1590
2454
305
4959
2192
903
749
9204
406
2651
7164
3285
996
2556
2856
951
949
3678
1707
5553
1236
8241
6223
7448
2468
630
4529
456
463
2588
4466
348
7206
3532
3773
2340
2018
1570
5182
6357
5612
5546
238
2545
628
2428
410
1076
2820
8570
3887
2157
2299
3137
8000
32
4267
2729
3305
3642
3353
511
4698
5697
7389
887
4315
930
3701
2410
6935
2534
4146
1008
2612
109
1348
1307
3445
1334
3712
2662
1162
7654
3557
6365
0
2331
5469
5177
204
284
3545
7073
4989
2133
2304
833
5277
1163
432
2693
281
2813
262
1588
195
3305
598
7001
8385
4071
4811
139
1887
2748
1025
5638
3509
1846
1891
981
1403
2365
1227
6451
734
7764
4072
3751
4308
2495
1308
7804
583
5014
422
471
2324
195
2095
4091
2565
2343
2439
1175
3161
2264
2073
6913
2015
1002
7362
2426
4063
1369
6370
5915
289
3628
607
226
1213
133
6431
4605
4405
600
6069
298
2356
2264
6292
4220
6992
5905
283
1725
1027
131
5400
915
2018
7117
991
2756
4581
136
1445
3002
1177
5651
6329
5691
1638
4826
7478
2303
2372
2193
2273
107
318
5850
2895
1039
3041
3844
2301
963
1078
575
2488
201
1858
2371
3527
6352
3937
6092
5340
1782
1829
33
4098
739
4574
4844
5003
6501
2428
5849
3446
1545
5268
2619
2944
3210
1707
193
3624
1458
3008
937
5383
2001
557
2500
2933
7454
155
5555
3481
801
436
5952
928
920
5079
3206
211
3406
7028
4695
4832
6290
195
6737
3800
4397
1728
1611
2938
1374
3315
4621
1383
2098
2530
2590
4225
2124
8122
1920
2233
3711
1598
6589
807
3715
2872
5503
719
5061
307
2170
3138
1929
1857
2854
1998
3203
600
1634
3417
3552
4973
4088
4018
7612
691
1718
2049
6864
0
551
2824
4326
23
5465
3346
3548
686
2774
1631
4606
125
4535
922
1472
357
900
1348
1291
331
7317
7390
837
764
3695
2681
1717
6867
3620
1973
3699
1698
3913
3474
1163
4163
136
2049
2192
4446
5257
649
4350
1094
742
4254
4576
1568
4573
2048
3399
3293
1328
3313
1165
4835
3151
751
4410
2001
3804
1240
6668
1283
3238
8483
398
6668
866
5767
7885
2630
7628
5980
606
1502
1986
2822
558
2609
3647
5125
463
2999
1096
3641
7666
177
2616
1700
832
924
5788
1093
5524
3381
3381
1388
387
1726
1003
5242
1474
2100
1174
1038
4368
6926
4677
2998
6104
8878
2422
153
1349
1820
3612
6000
4496
3384
6318
1935
963
2357
6039
359
3670
477
6048
5036
3193
1471
6091
4905
7706
2575
1135
1376
3333
311
1482
3823
3236
4938
553
1684
4919
9017
3068
2366
758
6160
6667
8413
4603
4385
8432
2997
1724
1372
4848
1790
8132
3446
7778
3768
1158
8572
1196
5239
2839
3163
4397
1173
6196
719
3004
5991
874
5138
5261
2080
444
4519
1228
7786
6645
3753
6151
6380
229
4314
7348
1154
3602
2999
6195
1217
4361
553
9156
2460
3703
5138
522
922
8025
137
8341
182
6000
1336
3413
2130
2698
2743
1293
10
5702
2896
3760
226
6410
3510
5905
3335
2953
1922
7354
7141
8310
2620
327
3210
7411
389
2022
3260
4739
1684
3114
5387
1711
1399
533
1873
1557
4958
3396
1163
841
1971
887
3625
6990
1272
4379
6305
1001
2881
9639
6901
1883
4626
3523
1173
6884
5267
4246
4878
2408
8330
3707
7903
8278
2887
2211
2672
3315
3736
1357
2000
2712
5588
1113
901
3994
4511
7068
1064
2512
918
6293
718
4354
1432
1804
2678
4518
2408
4229
1123
241
5303
1707
2946
846
1483
3010
5842
538
5951
2815
6928
2640
2530
2579
4387
3890
2710
2954
4175
4503
10
3221
3567
2944
2721
5933
5267
8815
4806
4186
4929
766
988
2738
1292
3150
6645
2250
3955
3209
3084
2058
1049
2982
281
9637
9671
8557
2356
3802
2798
2176
3432
1104
5720
1083
3255
6826
6768
4616
2096
7772
1796
6332
999
366
5647
439
2509
1859
4585
37
2182
1219
628
1252
5533
895
4619
690
5024
7529
5249
406
776
1508
2438
174
646
2955
2655
943
6237
2275
1078
3049
4334
8347
2795
1131
5671
6037
249
8294
4689
5564
3555
6075
1881
168
5697
4463
2086
4056
3586
5641
239
4049
3819
2700
2240
4519
6158
4483
2487
7964
1078
4682
5553
3046
2371
5564
2481
2181
1305
608
4524
1792
48
5165
3166
6224
1737
4148
4801
283
4544
137
1788
3359
5048
5991
1831
1806
5795
1008
5146
2226
1027
6578
3196
2494
6374
2445
2845
1522
1963
2319
2527
6437
6002
2191
6504
1798
3977
4159
3481
815
3726
5696
7458
6829
6287
3406
3680
2074
4672
136
1772
3345
415
2124
695
3270
2026
2921
4371
1250
5048
1251
4447
734
4906
5858
1980
8725
2951
5821
2000
4671
1972
1336
2163
2037
1585
390
746
8552
1182
2733
4723
2558
5111
1430
6568
2668
6171
2114
1173
3017
8891
7776
343
420
997
4343
4183
7730
2377
5762
3632
2183
3145
551
2704
664
1281
232
6201
604
4775
145
1272
3875
6542
3941
4395
2314
1017
5917
3185
4786
2498
4856
1721
1787
4148
331
3172
8405
1228
4402
4860
227
2824
1680
2635
1661
684
213
349
353
2813
5043
3385
1831
1260
7265
2550
1816
998
5237
3543
5330
3344
8389
2189
4135
6253
883
3747
2816
3340
1696
836
671
2000
2770
4731
2722
61
1338
3721
480
3712
2152
7387
85
4664
1675
3312
4425
717
6255
368
2559
5002
6310
8224
6402
6932
47
1679
1828
5600
3847
2888
4593
2772
7388
6570
3133
4020
4084
2356
5810
4150
5110
1617
561
1091
1178
8790
2334
2371
9620
3036
3016
4042
2267
1765
3810
3264
3116
4136
5163
3027
273
616
7214
953
1383
4268
2757
3038
2518
3
5086
6979
3891
253
1226
3570
5572
4447
6293
2575
1680
843
1379
3971
3509
9430
6515
2117
1450
1525
1155
3386
6681
3077
4367
7125
438
4416
6710
513
2032
1900
5478
3206
2052
2338
3217
6002
4002
3763
1114
3691
3025
2614
3319
2003
3448
266
769
1815
1915
4093
6926
7936
32
8021
367
867
3416
2711
4912
1069
1931
3525
3538
36
3085
43
3965
3387
763
3205
2084
4873
6897
172
9095
854
75
2783
2776
4003
2878
567
75
1636
3635
464
183
1556
4151
1923
1184
2593
2134
1212
2324
2878
5059
3278
587
7480
2575
2273
5606
4712
2821
2359
2477
7748
6344
387
946
1315
2001
2733
693
143
1998
4057
2208
1598
6011
6416
3197
3844
1504
4796
1931
6280
6745
5452
3426
4843
7389
3453
3289
8469
8227
5315
3070
6816
378
2262
5881
4931
4510
528
5063
1790
1728
5556
531
1322
1066
2576
782
3913
6992
1380
889
3608
6082
5273
3330
6216
5952
715
1538
3400
4902
3148
1128
1823
4658
7052
3098
925
2029
5083
2295
2030
4653
1878
966
2159
2307
5670
6410
2129
3341
1137
2045
3410
4068
3407
1440
50
2390
9209
1811
264
872
1295
4268
129
3437
1591
3425
5453
1704
599
4110
358
3009
2275
6693
2014
6377
1417
1496
4718
8591
1148
2975
8560
5892
3176
415
2437
3294
8729
508
2443
397
1115
3803
2178
4001
7286
2474
2494
2277
1187
4291
7281
2385
3205
1319
3709
6242
531
1938
4741
6580
1933
2848
2507
874
1087
5206
241
807
1815
8926
8862
2186
1014
2032
2345
7109
1295
751
1134
5978
315
1568
5314
5625
2874
5729
366
813
1177
4939
129
1834
6346
124
7791
3210
338
91
5071
742
7072
4326
2156
7976
500
886
2656
5173
4909
873
1386
1953
8874
9346
3819
2609
7237
4919
3475
1221
4289
7800
1552
3711
1087
4492
5502
3370
1286
3590
5160
2298
2529
3587
3561
1980
1524
148
3858
6079
3516
2882
6785
1944
4329
1132
1015
6873
3516
867
4530
3249
6168
1235
6484
5767
4955
4603
2552
636
6380
4744
598
3079
2207
4668
4054
494
4086
3115
7254
4287
3920
3017
1269
204
1224
7071
2749
4774
5862
7446
6442
9029
6501
3630
1090
5083
610
2515
3250
1892
2958
597
1383
3186
7029
7767
574
8688
310
5415
2286
3648
426
5023
465
4207
6342
1915
5989
4881
3531
3772
3988
2371
3777
597
3420
1037
2760
7219
6164
901
2402
2423
1892
3115
5195
849
3586
7065
6878
3798
7520
3376
8064
3752
671
6329
1252
1194
5052
7543
475
3711
205
6341
1756
2015
2069
320
71
1764
4250
1346
1174
1917
3765
7764
4443
2484
9322
3717
2507
1576
5804
1348
2074
2403
1322
3994
2520
1391
175
4539
3758
5463
1045
788
5634
3055
8115
6131
3744
870
3217
3266
154
1679
2064
3410
1199
1878
883
3470
2623
2112
1386
3284
1445
1883
6159
9059
1811
223
193
4070
6538
5386
2022
348
5948
2878
3794
535
6059
2616
4375
3469
1366
1052
532
378
3342
2890
4088
4518
6936
350
7139
7541
2658
113
4998
487
5661
1241
5252
3188
2068
19
64
2403
1748
6260
377
5424
320
295
2651
5422
5590
7283
8598
5934
3173
2134
1667
604
6589
2264
532
7424
1589
6323
636
7000
1610
8098
5741
3429
1039
4139
2794
2296
2301
8732
530
2461
6631
4698
951
96
856
2416
2854
5066
6286
918
1021
393
6342
8484
3500
2445
3206
3184
105
2871
3800
3141
2723
5000
2583
3488
918
1973
3950
357
1512
4183
743
5534
183
5023
1
6686
2863
2101
2702
3752
4155
4969
143
253
6005
5495
948
6648
4105
4159
6399
2709
1700
7730
3699
1804
46
3921
3528
2710
1159
2193
9320
1527
9521
53
2167
2496
1272
3297
4397
8130
4482
1086
4736
771
8527
1073
3875
4004
903
387
5065
3856
4037
3111
4657
380
928
4482
1693
1168
2000
6816
1042
329
697
9406
2737
2503
6328
1698
348
992
9260
4094
3369
7403
2762
3150
5084
190
7446
3733
6208
1726
205
378
2929
1771
7077
441
2467
9655
3943
3496
769
4700
1153
3861
4596
1415
699
404
4076
1721
2916
3423
3488
4105
1366
101
3558
6647
4448
2286
1879
148
709
5161
183
5976
5436
612
5236
6003
2286
2940
6615
2411
314
4099
3298
767
387
306
3509
227
4048
4238
1197
5918
2122
4664
3889
1637
4449
7628
578
4936
7608
74
4091
371
3863
3534
1146
5796
6791
7038
5524
5993
2662
3679
1898
1578
1804
4288
3878
4604
4164
2911
1897
6463
7335
4808
3700
6432
7171
841
2137
8547
3237
1980
4391
2014
325
4100
2572
1084
2815
2015
2520
3376
3650
5123
2670
3590
5532
1711
2000
580
2246
1191
957
7290
5500
4223
1470
6984
405
4580
1430
3193
2160
425
6216
2701
4542
6854
1951
1499
255
3699
4036
5455
3125
1965
1003
2721
658
4018
1813
2794
1354
2630
2046
5001
974
7853
2345
3446
5622
4974
1345
6112
2961
2331
2029
3822
628
300
2275
3341
4158
5798
4349
2781
5644
1037
2991
1180
5764
3433
1889
3237
5037
542
1217
8324
2256
6055
1590
1037
891
3854
3222
4077
3006
2319
449
571
2755
3017
3639
511
3225
744
5190
8911
4862
5709
1432
4295
4709
5698
5656
3844
691
3738
2911
2938
5628
1858
2493
1848
6039
2924
9179
6806
739
3299
3023
5200
2065
3042
291
2457
6043
449
117
6847
6949
266
359
3643
92
5883
1790
4783
1892
5888
3038
3258
128
4452
4669
5415
1337
4484
891
3845
5309
3374
997
2582
2919
2005
5285
8385
506
649
2358
4909
1074
1818
2217
45
399
4651
3404
427
1021
3754
2426
702
378
6696
4913
6084
4917
2361
4556
4877
7017
7486
4165
5901
9919
5354
4438
5672
1014
3830
3352
6108
55
3709
1308
1283
569
3904
6452
260
5095
2905
6816
6062
4104
3494
430
1907
6375
3744
2514
6775
7282
117
7834
6788
3513
4142
2680
2451
8258
612
2238
6795
7301
223
6500
3998
4938
2476
3424
2736
3635
1115
2265
2670
3997
2770
4801
2077
7599
936
1410
5225
1355
1961
1313
1678
5729
8422
3347
2784
7416
4500
5918
1661
2681
3827
1498
2772
4468
6042
3456
1355
1214
1776
3446
6224
3238
7462
6131
2124
2334
980
2161
5003
3477
4078
2472
5466
317
4401
2149
430
3999
212
2005
4529
508
3817
3382
7102
964
2725
3237
3002
6491
3557
1085
7659
6180
5809
323
3504
3487
806
1684
115
7037
1241
6289
4058
7073
8203
4325
6734
2635
2482
5807
904
298
3110
5753
2173
1980
403
1247
3866
3899
609
1696
2891
2418
673
3895
7745
2800
3826
1701
4670
4405
928
8976
4688
5891
3566
327
3070
1594
5012
316
301
6409
2710
3733
832
2573
121
957
316
8596
7454
1307
2647
2602
160
574
5109
2847
1221
1552
3206
1455
1752
3937
2424
6626
9249
1415
4433
2202
2354
984
4288
994
7430
5240
5914
3208
3683
885
2268
731
2529
5811
80
6051
1095
7004
724
2229
8815
3237
320
424
325
7466
1666
7121
974
259
769
7920
3429
6711
6874
569
5033
7806
3568
3785
427
4524
4122
1570
4313
7700
4088
2730
9952
7065
935
2685
7816
894
5568
473
1213
1552
3472
4559
178
5058
4755
4469
4872
2739
6234
2483
4826
195
5233
2521
353
61
5220
921
3434
342
2552
801
1383
4458
2645
2653
6047
3352
2598
2134
4971
5090
2192
4534
7323
2726
3583
211
8165
655
4928
919
6974
4731
7102
1241
3064
1991
104
8769
7832
1060
5855
3605
5724
5414
4332
6360
5450
4831
3934
2700
2085
2285
3049
8449
193
495
1394
884
2816
82
984
348
1619
2094
518
5128
6664
660
2816
2503
1960
1909
3336
3657
5724
1928
5131
4919
226
1503
1264
3131
5709
26
436
6385
5452
509
1667
2703
1804
424
4974
5381
887
6767
1622
6807
1940
1197
1570
1003
7433
5973
278
5870
991
534
5327
3694
7709
3586
5025
3728
2316
835
5532
310
2500
226
2242
2729
321
5172
132
264
7776
1224
1812
2378
2620
842
1509
6602
50
403
4208
192
669
1801
75
2982
507
1770
239
3242
1061
226
732
9536
3697
70
5181
1976
4881
4525
3757
3316
5434
2802
5403
4740
1090
206
4103
187
2045
2867
5074
2302
4520
3786
9575
1006
2509
3556
3410
682
4388
6620
7380
5374
4001
2095
3887
4858
8413
2175
37
3501
884
3726
9143
4326
3278
7669
3396
5302
3881
2018
8168
1420
1578
2008
877
81
96
349
3236
5535
7596
3172
260
1239
1670
1543
2816
6360
3456
2510
6503
4676
3632
750
3969
1300
8590
130
2690
757
1560
94
17
3085
1081
4962
951
7852
8835
904
2299
259
1115
2283
3948
3763
2708
7085
1644
2619
5512
4635
6550
5017
4556
3821
2826
6411
1459
4332
6374
2391
5868
1951
5230
2056
8221
2571
3864
6326
6352
500
2581
4268
117
4365
1335
6886
3066
2651
8445
2272
2740
2088
598
5873
70
2069
2171
6815
1827
2302
5807
1295
4460
5264
2069
2273
1151
2301
4643
806
6056
1073
1855
2284
5044
741
3994
5815
1663
3932
1948
3244
7654
6856
1474
1828
8603
565
3072
1708
2597
4685
8835
495
2061
3085
5416
3631
3641
8125
5498
7259
395
4940
8500
1236
1248
2273
5418
3283
3206
2303
1883
2808
3912
304
3849
4146
3019
3221
1820
2348
1702
5593
3244
1378
241
3227
7016
134
317
3566
7206
6334
1607
4032
974
1537
2281
5224
2205
209
2973
4389
1675
293
7209
2504
5560
190
5309
567
3143
2619
1062
672
862
2195
2211
3904
5819
608
2004
4152
5995
5080
7091
1994
1092
2064
3523
3272
8169
3611
5324
454
6823
312
4247
6797
9286
6266
6293
4019
3260
1322
1000
3417
598
3409
3166
6911
208
2737
4342
5405
2616
720
2528
3828
2379
2457
3933
2124
2564
657
6357
6963
680
4142
3697
5412
2754
6470
984
5724
3399
2340
1930
2364
5473
5934
106
1270
3205
2608
6622
3058
405
3780
4866
8848
417
614
1771
922
5100
3698
3936
4961
8484
5700
255
2301
8589
4028
7582
3203
530
4353
2361
878
5546
2437
7296
8015
4842
4098
2273
302
6173
325
5025
4513
3960
5135
4804
6274
85
3289
3648
695
1135
5403
1252
9192
711
5160
5765
2298
923
1282
4077
7507
3851
9701
218
4136
4242
4461
2722
2000
5646
1005
4893
4281
1140
4180
2476
7015
3783
657
1309
5141
5279
3281
66
3628
3548
9411
717
3099
1841
1914
3167
3624
3566
642
3712
3454
1376
1140
1275
1649
3261
1695
1223
2866
3132
5851
6551
6847
2998
3494
2445
3711
4548
1822
2286
5315
3042
8783
4587
8702
1558
1352
4659
1014
292
5433
300
214
4775
6682
3342
6393
2793
3160
4768
2612
292
2590
4513
6756
1883
3787
7576
7416
5193
281
640
2043
3084
6778
307
1710
5001
4353
1864
1745
3000
1057
5783
2273
5900
6761
7392
6643
4210
1223
5665
1
3428
1896
786
3947
814
6756
156
3481
5469
1729
590
4370
558
3143
937
2646
4388
6305
2791
743
2334
6066
1249
2441
4222
4728
1147
5913
1121
3206
92
6721
1070
1286
7069
3911
7151
8145
1123
2307
7849
2940
4104
296
7157
2292
6612
870
8636
292
1026
609
4390
7293
2501
6171
2764
3598
6520
9298
6185
46
3544
4436
1718
357
4407
2122
352
5924
4993
8160
4835
7639
4973
4294
6140
3528
5338
3475
5014
8357
2389
4644
4616
2701
755
3685
6570
1374
4753
40
4739
6898
475
1847
5465
1886
4434
2363
4196
3842
1090
4457
7333
5202
2938
3322
6720
1527
230
2978
1473
6035
283
4466
4731
2131
1698
1269
4030
457
1279
2999
6681
132
69
1805
2468
6884
3959
3699
1692
4516
1197
3564
355
2895
1285
3057
659
2383
846
5431
7282
9063
5810
3994
7348
2763
310
494
6937
713
8778
1489
241
3052
9171
4676
4487
1499
2315
6108
3063
5803
2051
500
3806
7355
32
587
3883
73
1862
8167
2414
256
3073
1366
2210
5781
920
6090
7627
348
1796
5852
7963
2275
783
4427
5836
1223
3786
508
5036
6531
2902
9072
2842
7710
6390
6687
5787
1223
9675
1436
6076
956
200
5845
4645
1492
1548
383
46
8291
3922
3459
2445
8613
5452
1736
8439
7345
2646
442
9695
918
6252
2490
2085
860
1811
424
1582
3391
2695
1916
4099
3252
539
2109
2709
5569
6376
3176
252
5272
5858
6501
864
4799
541
1296
2201
947
5496
4426
1027
136
1072
885
2608
2784
382
697
2208
2894
2947
2283
1565
3578
4034
1060
5775
824
3961
2000
3887
696
6915
2314
9887
1641
8445
1789
221
7197
2000
4897
5066
3216
1068
3529
7002
3579
5638
1807
7275
6960
400
3134
2720
3454
2831
1873
707
964
78
7907
2727
3198
948
2954
6854
4520
2816
536
1431
792
1027
470
866
835
1251
8369
310
2260
255
2348
140
3798
8785
189
738
2630
2651
4685
3317
3924
6867
2026
703
5295
368
3027
2122
5877
7446
6137
8254
399
7033
7730
2340
5333
3641
2578
6774
7163
6454
8919
8818
6251
1421
778
8657
7322
1286
3133
6
5283
4531
381
2961
4559
5549
3143
1118
260
8343
2785
3863
3119
6815
1159
8327
4559
2163
2294
4494
5058
3325
6212
6380
472
9270
3354
6511
2533
168
1459
7072
1635
4598
720
1113
3552
3020
2165
697
3676
1752
1760
7487
6225
2212
684
3010
2387
5326
8489
2825
381
2628
5442
1261
4662
1831
3362
3437
1308
5704
2342
396
413
413
3209
1290
4822
4078
5018
1113
2887
4890
2491
6182
6500
5562
1812
5238
840
3206
2314
4906
3308
241
8838
6259
397
1801
2407
6762
4890
852
2018
4402
267
987
2378
1613
5984
1804
4901
4456
2427
345
226
3750
2142
850
6440
8981
974
6485
242
6600
1732
202
5365
4472
3856
183
766
749
6574
3756
6974
2398
708
5493
3932
2136
1568
4039
1825
120
5881
5442
1694
4524
5538
4044
3004
3243
181
2044
2115
6359
3525
3069
1561
3676
6179
331
4506
352
3210
51
1632
1359
3410
7
2984
164
3062
4001
4773
4023
348
2641
5366
8327
3534
5227
4991
1980
5527
4777
4763
2958
5028
1805
2590
117
539
6336
1025
355
4752
3159
3818
3442
6591
1971
307
5318
4110
1742
1163
8166
1233
3229
6936
1701
288
57
3439
1461
7076
1022
1510
5444
1146
136
2157
1412
2760
6233
2567
1864
4929
5975
2498
1620
4438
3565
2527
4230
5235
1548
2015
1187
1944
7686
2856
1948
3822
5415
4331
3540
1500
1027
2627
8252
1970
241
1009
293
2463
1424
6522
2878
5088
6444
1515
6590
4498
5946
5311
280
3996
3666
691
2093
1732
4722
1366
8202
1601
1576
8591
1752
2123
1377
220
1260
1980
1506
1857
4486
1454
2611
5405
8457
562
4048
2608
3080
6174
993
5061
3989
2961
5971
3955
1031
2893
1051
5403
348
4496
4014
2401
2098
310
1110
4515
4626
3671
4676
4391
3086
8716
8415
6251
1136
3097
2801
9182
1831
811
1191
4751
392
6720
4670
5251
4240
3245
3461
2434
7899
3096
2956
542
1038
152
1303
1031
6614
1028
3668
5819
3477
2420
5182
1322
3438
3244
6518
5350
3878
2854
226
714
9153
1597
4157
3434
578
3581
3452
256
5522
6563
3701
7047
7821
3956
976
3203
2823
1663
3175
866
1084
5825
1513
298
5622
619
3655
6209
2032
1944
6721
927
1541
1509
547
7781
673
2773
2375
2961
3364
5323
6643
3810
619
6883
4180
5328
3437
3985
8603
344
3647
4871
6019
1087
5083
1332
6247
2401
2785
2567
4469
3497
1243
3966
2745
3398
3916
2514
231
2981
5969
586
7138
710
7663
4654
3491
2418
7038
5200
605
2436
3553
371
4635
1573
5553
1312
5893
778
332
4271
1998
320
1230
357
664
8611
553
6666
1330
7684
2198
2924
2918
2324
2557
4094
5059
4659
1781
1337
3338
2395
3210
2954
4326
1717
915
5403
7547
303
4826
1699
2891
297
9104
2520
2375
2014
5751
4903
1264
1959
596
1018
2275
8456
1292
2273
70
1055
1664
2080
1289
4681
579
2568
4106
392
5172
2487
2125
1332
7661
1212
4436
5910
7199
6233
8863
3436
9766
1515
5985
5668
5183
3742
1994
3095
59
5412
4606
6619
2486
3470
1092
426
4986
2507
5951
2836
3533
3664
8103
4695
1738
3276
4756
134
3090
8736
7919
390
1184
637
7456
3569
2847
8255
5908
1131
1871
2209
9483
2183
4045
4644
5947
449
2151
6830
5344
6260
5403
2627
1355
1627
2815
8215
1335
721
6752
4563
7636
4421
6
2602
6512
3549
3167
932
5403
4524
4525
4110
2001
6082
2146
947
5148
1919
768
1226
17
3278
6073
4313
5565
500
7483
3673
9260
610
3948
1549
3069
6401
1725
2598
4825
4425
697
1574
4110
2348
1972
5552
299
1441
2346
2447
505
2608
2613
1678
488
1013
2296
179
2978
12
1573
2611
7254
7640
7211
1585
1250
4048
3007
3994
1231
4831
5064
619
2172
5486
3241
379
6356
4264
929
4132
1351
6929
2299
731
5866
1900
7659
65
4206
3340
1769
3335
5628
4775
624
2525
5478
1964
6804
7903
4028
504
901
3568
1253
41
2493
1060
3899
5997
6834
4767
357
1335
2574
9429
2980
3344
690
1843
2861
4671
3004
3958
1441
3144
4282
1956
3827
1384
514
1614
2875
5946
3158
3409
4584
2251
6527
2702
2317
2826
3855
3554
3088
7081
708
2585
3423
2789
430
3957
6720
1229
6770
388
3086
5540
5275
2356
2727
542
368
4382
7917
3522
116
5774
3506
2311
4008
956
760
1053
1938
6379
11
2995
764
4001
5628
508
3925
1694
3294
2653
1574
3878
25
2743
6781
1322
74
6485
1423
2570
751
7555
5557
6176
7663
1674
2144
1041
3267
614
1733
4072
2141
1495
9152
2379
9220
5724
1346
6503
3591
2090
3579
2686
421
5858
3503
1467
3549
1174
2090
2428
1116
2678
39
5553
5199
5363
2576
379
311
2412
6612
1095
6635
4821
8303
5215
8261
6702
2450
2938
1595
2952
4670
1217
841
1193
3244
285
2927
2124
376
3447
4077
5138
1896
4989
3600
752
4152
7291
4157
6534
3327
3002
8176
134
3065
5413
961
256
4913
3017
1315
3838
997
2877
3124
5836
3716
372
2059
138
766
2678
4441
2716
2601
4264
7814
2172
3190
5682
8327
4477
374
8075
8111
78
1843
4155
3318
2766
102
5238
414
8124
1075
2107
1337
1345
3235
6640
226
1423
1058
508
917
8218
6176
2400
2260
3527
1027
554
7512
8566
145
3934
1212
1105
7485
3849
4589
6950
7630
1385
3910
4558
439
6163
4122
888
45
5165
892
4024
11
452
81
7847
8472
2653
5888
1805
3573
1881
2665
324
5332
554
6096
3656
2366
7607
4204
7778
4801
2534
2344
5486
249
2034
1575
8129
3346
1801
2619
4002
8632
218
3907
8507
4623
6
7275
3688
3814
1151
3593
4937
5548
2989
1731
2365
5187
3930
3202
425
933
661
4904
2210
3763
2367
8045
1661
2893
4236
2545
2787
1484
2055
3053
1550
1869
1181
4816
5642
4719
5267
2400
359
1557
1343
2369
1827
846
4417
3267
2244
334
646
37
5425
1421
6425
1591
928
2433
5118
1637
6824
5426
5819
6298
3159
6164
9028
1291
1150
3446
6266
4558
3006
3393
600
3172
1835
6924
2246
4132
2733
2005
2487
45
3895
2733
4535
6145
2348
233
517
8972
6478
1042
1961
2067
945
7017
332
1817
6038
1803
2490
645
5135
2446
934
6230
6241
1573
5750
195
6021
923
6351
1444
2909
7313
905
4082
1306
8387
1033
1460
947
5067
3259
2385
678
3994
298
5809
2269
4556
4482
8126
893
367
1918
1980
5370
5472
5109
1426
1155
9517
4455
1485
8352
5783
281
893
5023
1586
395
482
3859
5837
3792
2302
5107
851
569
1737
2043
584
817
1439
94
3284
8207
715
1533
215
3369
1281
2991
1413
827
3546
731
564
772
2709
5400
2085
1907
5945
1188
2933
7963
804
486
4501
7145
5018
1375
3980
406
1971
1600
1124
3444
5696
3877
3544
5452
2188
6412
5499
2927
4180
5559
3375
5737
355
5143
1589
308
1957
6458
5715
745
6495
1171
2343
2433
3019
3469
4154
3429
3184
623
3256
5630
4794
1312
4492
1735
6278
2824
108
1244
4656
3253
5828
1662
8315
6550
629
920
7589
1940
952
2862
4476
1412
6475
1560
3629
3887
3725
1023
3613
2128
5357
2204
6095
9051
5403
137
6973
5976
2529
2454
3181
876
324
976
2043
641
1515
3264
766
7993
3791
6094
950
3847
5744
6220
1147
1613
3033
102
6688
5376
3804
7173
2690
5408
768
3660
4538
151
6669
2992
2201
4366
9149
498
3065
3477
3859
8301
6055
4466
346
2800
3947
63
608
2815
64
3997
5549
2719
851
6788
3803
1533
8514
1424
3796
3293
2422
841
785
3959
1088
2493
8804
2246
3809
3808
3217
838
7963
2996
794
3921
150
1965
2498
2618
611
34
2006
5988
4829
523
1330
6661
5949
1847
830
6196
8574
2985
4194
3016
2954
2654
788
2520
138
5163
5421
2132
3334
553
266
2907
2678
2432
9415
1885
7791
1238
1134
1336
1324
9183
3069
3709
3950
1639
5900
277
1113
7825
564
257
5340
2432
1571
505
3047
6193
3447
233
3415
7370
2977
1444
3489
1742
7883
1960
227
5598
5813
5685
5517
5770
7331
7346
6665
975
4672
4774
364
4012
6000
973
1971
4270
2533
1926
102
500
5387
5493
2695
3347
527
534
1739
298
654
3203
2335
3379
2204
1058
2628
5415
3217
2662
2356
4125
544
1984
1745
50
1979
1395
6928
7640
177
5055
2987
6585
4206
5045
120
8652
7404
4021
8753
2470
100
2312
2639
3348
284
1379
4052
8076
631
9073
710
2973
1819
1738
5030
293
429
1226
29
2574
5954
3548
2614
4858
3855
5514
3365
9035
5884
1503
4490
4983
8074
1993
1199
4207
406
2496
572
541
4639
3390
5899
5306
1739
5875
4925
3484
5043
8404
4530
7282
477
325
2517
499
2153
860
1042
6953
9152
5638
3464
2203
1972
1315
2066
1255
6490
3701
991
641
5099
337
1450
5568
590
407
888
6131
5414
469
605
2375
2715
1065
610
3660
1320
3322
2027
9300
7642
3279
572
5328
1054
3565
1995
7776
7509
1014
1822
2110
2941
3837
3861
329
3384
933
4498
981
237
1143
2345
4201
2040
3979
2898
7269
2522
4217
6055
665
6900
6490
2317
3325
137
2377
2715
6147
7475
918
7952
3714
999
941
4666
1410
2805
1329
200
1314
2294
2699
8801
957
4162
2343
5693
7288
2784
3446
8492
3360
7726
2437
218
293
5580
4643
1078
5079
5362
2179
8210
1509
1414
2412
666
533
5413
880
2878
5588
2637
391
4338
283
7149
4148
3446
2290
3977
1264
3934
4393
5683
7295
2204
2445
1479
298
6372
1043
1167
3523
2634
1576
8413
885
3178
4416
684
1898
2507
1562
1816
4535
1399
6979
4186
724
191
4351
2858
7602
5206
1297
1491
3721
3494
5829
4773
439
2778
652
2210
1385
9386
4763
4919
1531
3567
2318
2899
750
3849
375
6582
1218
3422
9117
8072
5181
1876
7666
7554
20
5297
1251
639
5094
1380
2414
893
3562
2511
5337
733
1360
2516
4006
7514
4331
8680
640
5918
7520
4659
1267
5629
3042
4001
1625
1976
2758
763
2152
6643
1143
460
904
2858
3348
3971
8567
1363
4633
1285
3422
3730
3818
22
332
2074
1928
1370
2043
4163
3803
6608
8221
477
5201
8938
1465
2118
5752
1942
2230
67
5116
8229
1526
6871
5401
785
3745
307
6345
4397
1844
2930
5442
375
6020
4457
1780
6193
1362
312
5075
2843
133
3127
7108
3051
2692
32
551
4096
5489
1310
4986
3175
1425
302
2342
1648
1756
5390
930
750
3827
5366
4969
2165
4919
4057
1463
34
3673
1994
3722
456
2274
946
3889
3483
3749
2297
4848
4715
5808
7436
2252
1180
718
4220
3584
7911
6771
1277
9480
2265
1521
2880
1306
683
825
1409
3556
886
4901
2203
789
1301
2459
5142
5428
8028
3651
222
545
1741
7387
4782
2577
6223
6669
1734
1750
1844
4309
1318
1414
5509
2049
2401
2243
2256
6311
2126
3187
6948
241
2971
5557
4518
5227
319
4876
1755
101
372
2098
657
3138
802
3647
2994
1142
4092
3683
534
3424
2242
4929
2441
3665
4441
4359
743
746
6487
330
1821
5779
3236
1191
5739
4537
4994
1864
6015
5168
4186
5956
3041
878
5760
8109
3539
743
977
5277
5403
792
3494
8374
6913
2845
4052
42
2751
5954
8425
64
162
1783
4639
2012
3329
231
387
3019
134
1790
4715
3440
1066
758
3793
3296
7569
4987
5317
1146
2240
428
3406
6605
8704
9415
211
95
1022
4648
3033
1769
5951
2442
3660
2611
1224
968
2488
1159
7570
4620
3669
2511
3484
1895
967
2964
5239
3712
4513
3197
2680
2746
752
541
4215
5069
1829
55
5863
1449
1360
2568
5796
1017
2756
1342
215
292
3410
681
6457
2143
510
3150
6055
4943
2545
3619
7599
2989
8531
561
193
7334
918
1437
6626
5215
942
3961
9447
986
3739
399
1249
839
2020
1493
421
2150
108
3686
1692
1389
430
5011
5398
3530
2404
8408
6814
738
7735
3812
1187
2066
192
2935
3120
546
2203
1368
7323
1054
4021
1097
3278
5992
4379
1331
303
2300
2935
1882
4707
7254
8289
5883
5759
5033
9892
2432
5785
2270
1027
5215
7651
4459
2138
4334
2091
1555
3557
1527
2428
590
6268
4668
245
3087
6094
700
3888
4890
2856
1367
3533
4502
6108
49
5860
102
5948
5957
6173
4403
1465
877
1930
4462
4251
2337
1157
517
6902
400
3470
7834
3579
6159
1929
4739
1228
2651
4452
7100
7059
3797
4165
1573
3377
2515
5996
2281
3173
5441
3486
6338
1502
5149
5955
6197
165
5811
615
358
5239
4747
3938
266
598
5688
4970
3770
1337
7156
4136
4096
5280
2589
1207
1972
2533
4037
305
522
628
4917
7673
2438
3791
2617
63
1642
115
6167
5318
3378
7748
196
2272
3765
6368
8245
7515
2194
4970
6642
1031
6731
2360
5488
8508
4099
249
7570
1081
4320
6807
7471
6269
6807
1562
5851
2273
134
1834
3431
6074
2484
4587
3657
1968
7639
4275
974
133
2238
2832
2709
2564
3103
859
2051
563
1671
1295
3456
1599
3649
4564
2629
2824
5941
4552
6004
802
2292
4794
2720
47
7969
5647
179
1511
3823
2614
7822
6387
5138
3118
5586
130
5853
2801
5433
527
2937
2134
1507
960
2188
1112
928
1883
21
3255
1689
6307
1685
3699
1233
4663
6600
3274
484
231
7556
1068
943
6281
5846
5710
9611
3044
2192
6066
6101
5743
1601
1721
6737
5205
5207
8650
589
1345
7234
1248
1187
1637
4912
7796
3967
6393
2457
4498
947
8742
5976
7206
5130
8397
2802
296
4819
3962
4706
7746
6292
2773
5976
3814
607
3258
1250
6018
2357
2366
697
4627
1384
4553
3690
2684
4275
3597
1383
1059
3960
3264
3009
5563
742
6717
2011
2999
1800
574
616
30
396
2463
7215
2866
6574
5007
3938
2643
5326
3792
1874
143
3009
441
907
6648
507
2400
3074
4254
8428
1725
2051
1043
1368
8462
6007
3186
5374
487
1314
4302
6956
404
593
7423
1333
5737
2031
1965
1779
826
14
3424
5658
4977
7883
5338
4135
2454
5408
2944
4841
2072
4962
2663
1810
4539
8379
6209
3710
4473
4430
3106
179
6803
349
6926
4199
226
8855
895
4442
7650
6223
4144
5648
4766
4417
4608
2733
5968
2321
6688
2647
3611
4905
8190
2636
292
2810
3960
3753
1376
7472
2926
3667
3825
2005
4409
3593
5947
836
1332
1000
3321
4859
303
5526
2598
493
5771
2099
5513
3889
4201
7110
261
2221
3623
5547
1943
21
974
338
811
731
158
1031
1344
2630
4673
4771
4
569
5327
1312
1917
4822
3998
3672
2312
717
1818
830
8708
3675
1218
4500
2875
3700
5693
399
1375
1119
419
7756
6378
6079
2022
1384
734
296
5210
3084
1692
1931
3770
1428
2530
3011
598
2040
850
1753
6368
1543
1141
832
21
4932
2678
446
308
521
1667
801
4044
3591
1073
370
1193
3911
5426
3244
1221
4602
3579
2625
6944
5310
8290
1148
4501
1561
652
3458
2493
6120
5777
3479
7367
1007
1386
8118
3751
3681
6166
3428
8279
3643
1570
4578
3272
5936
5349
3196
5360
2192
418
3296
2481
2692
1053
835
6104
1754
7383
728
1518
6270
5513
2201
5397
4454
3299
5934
3276
2161
6344
84
1210
3576
2636
4815
2432
2485
1798
1857
424
150
251
8763
7048
555
2139
7249
5728
7558
2635
3365
4573
526
6014
9338
842
7551
1485
197
2337
7690
8762
4117
372
7183
5401
7662
2952
2771
1029
528
2835
8284
4463
4998
3955
1541
1644
2377
3348
1140
2302
6231
1229
3409
2838
4658
1237
4538
1389
4939
2533
4273
7445
5768
179
3224
3848
711
5251
4644
2978
2768
4069
1125
3009
2192
7288
203
646
511
4759
1434
430
3010
413
1680
2711
9301
860
5966
89
4353
5044
3773
140
3616
1642
3213
2771
2583
1054
2299
633
4440
591
3108
7785
2666
5097
2499
2090
6442
8568
3748
4157
4446
5822
3264
1449
1932
2163
7054
1494
1702
1195
5366
1511
1486
7362
1644
1936
210
2487
4107
1704
5507
1075
3881
463
5619
2143
5300
1327
171
2900
3629
6869
55
6077
2374
3627
5205
4004
1092
8016
2615
734
106
2538
2520
1042
6587
5808
9480
3690
3077
7459
5351
375
7991
1779
574
2630
2897
1504
1136
1001
8220
6956
2577
5256
2930
658
8079
482
5122
3169
2
1486
2018
2141
889
7065
932
1912
6437
5357
2617
562
3892
1573
4987
533
2243
7384
2822
566
2160
2961
485
1285
4726
1919
2083
1209
2592
482
1208
5252
855
3432
1193
2006
4267
3003
4126
2219
4881
424
1232
5056
7055
3473
646
2366
2492
203
1179
1675
6539
4457
6692
105
1201
2954
3509
4585
7015
6474
4919
2539
6185
1141
2940
6192
1240
3353
2816
2296
3379
703
7678
2368
7134
5452
727
1519
3422
4698
1695
2684
530
5224
499
2917
2077
6286
7291
1005
4341
2001
2518
7017
2275
9373
4088
3355
7315
6605
4721
4624
5204
2372
1656
1432
3743
2796
3547
1733
7381
3424
7151
6668
3325
1715
2012
1156
2000
7354
3343
5825
2565
6338
6898
2617
139
8445
4773
3802
2414
4707
5445
3669
1912
346
5965
9188
3168
5123
7292
1615
6456
4188
2051
1844
1075
2863
6530
514
1072
4048
2059
4461
4658
171
1477
5231
5742
59
272
7079
1051
691
7401
3250
1931
4294
6020
755
2488
6573
6968
4799
1003
224
2007
974
6544
4427
1739
6702
3946
4906
564
1730
6770
7305
3435
6166
547
4068
625
8717
2646
3088
3153
4308
2676
5628
2203
5026
1929
6668
1736
15
136
6069
4614
2252
1309
4473
1970
3834
523
873
6615
4755
2626
1630
4559
1614
479
5577
1019
2680
1054
5033
1703
7984
987
2546
5985
4692
7113
3849
4332
876
1645
213
2510
5597
2711
4379
1571
4217
3327
5526
1304
962
8439
2625
2110
2592
226
2499
1707
2886
828
4671
4156
3019
629
3591
6507
1216
1018
5200
1042
5989
5337
424
3158
4805
532
2149
4261
5263
6347
8300
1730
455
5435
3612
6248
546
3757
6292
6449
5819
1032
5289
1325
4697
7579
1116
2126
5362
1680
7552
2773
423
8806
124
2625
3770
1264
831
294
8688
3803
2320
7752
195
8120
3875
6977
928
141
429
3325
3363
5403
4822
6303
3131
4772
975
5791
914
7034
5969
2682
856
5299
2778
8079
3668
2724
2067
1694
3987
2363
6223
3525
3175
1656
2386
601
5568
4661
2148
1
1705
665
4026
2426
2842
4370
223
2823
4751
122
172
7025
1468
584
6368
2578
814
2973
1218
1791
1517
3470
4220
1002
4593
7754
2937
2105
453
493
1433
5497
2653
2037
5828
3889
3701
1397
9302
4200
6679
1367
4170
3366
7523
2762
2684
7036
2406
1755
2741
4064
4707
1407
5697
4782
2808
127
4666
2244
1725
4673
2264
5087
1287
1661
2721
344
367
5580
5351
1531
2632
5862
7557
1672
2234
4622
6555
3021
3858
108
1558
1707
3825
511
3203
305
5083
1441
1481
697
415
5896
714
1079
1964
1807
800
5892
1646
718
425
3280
1298
5214
4825
1570
1638
4060
151
2672
876
1567
8907
3439
284
2158
5625
3785
2115
2038
2342
2771
2812
6756
52
1058
1005
4
2430
627
3402
233
1666
6331
278
3850
5076
6275
259
3972
2061
1135
1494
7883
717
1519
3319
1492
7208
4501
6096
4095
1163
6096
20
3221
3036
7494
8749
148
5908
8362
6954
948
578
3777
5687
2613
2246
2179
52
428
6085
6260
903
6162
204
6738
3234
5935
1227
5059
610
6006
6956
1511
6968
586
2425
3499
1316
2871
264
4142
3833
7136
5286
1436
2365
3235
2106
1169
3205
1732
3368
7257
4952
7049
2602
1252
1522
6826
2180
464
3102
5543
3719
4223
7616
240
6321
6368
827
2650
2291
4216
4371
483
2850
1367
1184
517
4084
2845
2142
226
5348
1698
7079
1859
6462
1079
6399
2359
653
8180
4025
5866
421
5929
2485
8374
644
1471
3980
7718
2611
213
2845
548
4377
3474
4755
7438
1060
213
5577
673
604
2004
1168
1318
1975
2626
3447
3132
6395
2307
7841
3662
984
1162
4981
3972
1363
1638
2344
3091
1005
5081
2784
5716
6750
5796
4276
3840
3144
6989
7100
789
6605
5769
4882
4714
4353
3815
3
530
5149
5638
4039
1404
4361
1658
3832
5557
2242
4090
2580
6444
6187
381
6441
3527
639
5770
32
5643
1704
6997
469
3409
4247
1624
820
7141
536
8571
1940
3143
694
1672
5388
5945
1129
2273
2264
4423
1060
3238
5553
1803
617
464
1542
6243
2311
36
615
5396
5283
3406
805
2792
4296
7310
6879
5821
706
2533
2966
574
1633
7157
3257
4911
470
3917
2010
3026
5108
2351
1272
2796
2881
4781
5109
798
2231
4259
6240
6928
9168
2249
2096
4446
1795
2954
6934
4960
124
6554
3576
143
1178
1702
6191
2794
6123
2486
6714
286
7001
1261
140
4353
3935
5663
6325
3101
2518
1635
2365
4705
2531
3073
2647
1354
4329
1147
3710
3840
5708
4116
4238
219
9385
956
4382
204
514
2379
4711
3071
1783
7245
7679
55
4331
3574
395
4380
2995
684
4080
3075
1812
708
7919
2615
2927
1975
5160
170
920
11
4339
2074
1330
193
3386
407
878
227
5200
4616
3665
3535
1002
2892
4230
2578
4626
6735
1253
2056
1727
34
8764
1524
1586
5217
6351
709
4036
5394
672
2225
90
2714
149
1614
320
2945
5012
487
1415
255
4817
6
205
4423
556
1952
3999
5991
8826
6828
5495
864
70
2601
612
7554
1174
2496
115
6331
5173
4563
1087
3725
4895
6947
6134
4160
430
2954
6200
351
2674
2610
3197
869
1029
213
1885
6065
975
1272
2419
887
2071
3707
259
1151
6220
7464
4476
1790
521
5933
2735
6350
116
2759
1973
1193
144
5628
1005
307
4487
1018
989
979
2700
7500
4184
2813
1042
3241
3015
702
3127
3323
4177
1250
1219
3495
1189
7388
633
6676
2309
2676
2695
2717
8213
6629
6513
691
907
463
2919
5388
124
644
2506
5658
4029
2033
4789
1692
2892
2567
8270
6393
509
324
415
3019
1524
6473
1755
4298
1656
2451
6846
5841
5323
8738
1345
775
6476
6193
11
731
6126
7648
4375
4070
55
7663
5270
278
5345
1892
1773
217
6301
2420
5667
3740
1956
8040
2417
3526
1263
7226
7179
6104
1121
5339
7522
6355
1369
7420
1216
2601
1109
350
3480
4028
945
1389
1311
120
5767
3752
3352
1562
3724
89
5196
991
2315
5231
435
228
4766
3764
3540
2420
4415
8607
4238
7016
281
984
4373
1998
5966
3863
2047
1709
1777
3686
4246
4274
2660
8178
7099
583
3267
255
4531
3130
4422
1274
2716
2443
7620
2139
224
7366
1101
1555
5272
5971
1141
5153
4186
1022
3776
3839
2637
5251
2220
537
513
574
4501
4397
429
1973
4083
2481
3225
5569
3374
1361
7489
178
4742
3456
5009
3622
1572
6376
6298
2378
582
384
4776
5103
310
6431
3004
1623
6506
2413
1018
7848
418
6935
8236
5989
6676
3447
8044
2963
2299
1156
4184
1515
2152
4850
8052
1587
1019
2493
1348
928
4119
3014
2109
4440
3097
4139
5918
6971
5888
2494
2381
87
673
2262
890
6041
6869
3265
2197
758
9035
7400
2816
514
3271
4441
3495
1086
8453
1083
2497
5271
3536
8815
2510
4064
1518
24
8498
143
277
779
5648
34
1655
1517
2707
260
494
1121
3406
4981
6722
1890
7335
3523
3090
3788
3071
4442
3328
7829
447
2529
6996
4088
1276
980
4337
5861
5170
3375
9166
2865
4397
6830
2494
2131
3668
1807
2655
2630
2878
4914
3448
1166
2001
950
4054
4109
224
2712
1284
629
4889
4733
3039
1468
4604
145
2470
4422
2001
7900
7629
2199
8310
1132
7459
3146
3468
1421
2493
1924
8412
1399
2192
5648
6021
4922
64
2755
4331
1733
828
1768
822
8920
2493
621
7247
1903
7424
6723
1717
3288
947
7612
2733
1461
6033
1534
3038
4484
1252
760
3913
2562
880
4036
316
7062
1178
2065
3050
129
499
3087
1938
7153
4106
6185
166
4656
5876
498
3327
1298
620
1410
1562
1831
2408
3540
2406
7017
3134
4039
892
918
2662
859
3509
357
2264
6828
3817
2131
3382
5743
4512
6526
1074
6670
6149
6882
2987
2590
7603
2756
4617
